1499477445029	geckodriver	INFO	Listening on 127.0.0.1:48285
1499477446124	geckodriver::marionette	INFO	Starting browser /usr/bin/firefox with args ["-marionette"]

(firefox:4164): GLib-GObject-CRITICAL **: g_object_ref: assertion 'object->ref_count > 0' failed

(firefox:4164): GLib-GObject-CRITICAL **: g_object_unref: assertion 'object->ref_count > 0' failed

(firefox:4164): GLib-GObject-CRITICAL **: g_object_ref: assertion 'object->ref_count > 0' failed

(firefox:4164): GLib-GObject-CRITICAL **: g_object_unref: assertion 'object->ref_count > 0' failed
1499477448170	Marionette	INFO	Listening on port 39209
1499477448416	Marionette	WARN	TLS certificate errors will be ignored for this session

(/usr/lib/firefox/firefox:4213): GLib-GObject-CRITICAL **: g_object_ref: assertion 'object->ref_count > 0' failed

(/usr/lib/firefox/firefox:4213): GLib-GObject-CRITICAL **: g_object_unref: assertion 'object->ref_count > 0' failed

(/usr/lib/firefox/firefox:4213): GLib-GObject-CRITICAL **: g_object_ref: assertion 'object->ref_count > 0' failed

(/usr/lib/firefox/firefox:4213): GLib-GObject-CRITICAL **: g_object_unref: assertion 'object->ref_count > 0' failed

(firefox:4164): GLib-GObject-CRITICAL **: g_object_ref: assertion 'object->ref_count > 0' failed

(firefox:4164): GLib-GObject-CRITICAL **: g_object_unref: assertion 'object->ref_count > 0' failed

(firefox:4164): GLib-GObject-CRITICAL **: g_object_ref: assertion 'object->ref_count > 0' failed

(firefox:4164): GLib-GObject-CRITICAL **: g_object_unref: assertion 'object->ref_count > 0' failed

(firefox:4164): GLib-GObject-CRITICAL **: g_object_ref: assertion 'object->ref_count > 0' failed

(firefox:4164): GLib-GObject-CRITICAL **: g_object_unref: assertion 'object->ref_count > 0' failed

(firefox:4164): GLib-GObject-CRITICAL **: g_object_ref: assertion 'object->ref_count > 0' failed

(firefox:4164): GLib-GObject-CRITICAL **: g_object_unref: assertion 'object->ref_count > 0' failed

(firefox:4164): GLib-GObject-CRITICAL **: g_object_ref: assertion 'object->ref_count > 0' failed

(firefox:4164): GLib-GObject-CRITICAL **: g_object_unref: assertion 'object->ref_count > 0' failed
1499477493442	geckodriver	INFO	Listening on 127.0.0.1:47309
1499477494507	geckodriver::marionette	INFO	Starting browser /usr/bin/firefox with args ["-marionette"]

(firefox:4266): GLib-GObject-CRITICAL **: g_object_ref: assertion 'object->ref_count > 0' failed

(firefox:4266): GLib-GObject-CRITICAL **: g_object_unref: assertion 'object->ref_count > 0' failed

(firefox:4266): GLib-GObject-CRITICAL **: g_object_ref: assertion 'object->ref_count > 0' failed

(firefox:4266): GLib-GObject-CRITICAL **: g_object_unref: assertion 'object->ref_count > 0' failed
1499477496363	Marionette	INFO	Listening on port 43839
1499477496531	Marionette	WARN	TLS certificate errors will be ignored for this session

(/usr/lib/firefox/firefox:4312): GLib-GObject-CRITICAL **: g_object_ref: assertion 'object->ref_count > 0' failed

(/usr/lib/firefox/firefox:4312): GLib-GObject-CRITICAL **: g_object_unref: assertion 'object->ref_count > 0' failed

(/usr/lib/firefox/firefox:4312): GLib-GObject-CRITICAL **: g_object_ref: assertion 'object->ref_count > 0' failed

(/usr/lib/firefox/firefox:4312): GLib-GObject-CRITICAL **: g_object_unref: assertion 'object->ref_count > 0' failed
1499477497247	Marionette	INFO	New connections will no longer be accepted
[Child 4312] WARNING: pipe error (17): Connection reset by peer: file /build/firefox-3dApU_/firefox-53.0.2+build1/ipc/chromium/src/chrome/common/ipc_channel_posix.cc, line 346

###!!! [Child][MessageChannel::SendAndWait] Error: Channel error: cannot send/recv


###!!! [Child][MessageChannel] Error: (msgtype=0x880008,name=PLayerTransaction::Msg_ReleaseCompositable) Channel error: cannot send/recv


###!!! [Child][MessageChannel] Error: (msgtype=0x880007,name=PLayerTransaction::Msg_ReleaseLayer) Channel error: cannot send/recv

[Child 4312] WARNING: pipe error (3): Connection reset by peer: file /build/firefox-3dApU_/firefox-53.0.2+build1/ipc/chromium/src/chrome/common/ipc_channel_posix.cc, line 346
1499477890918	geckodriver	INFO	Listening on 127.0.0.1:35506
1499477891980	geckodriver::marionette	INFO	Starting browser /usr/bin/firefox with args ["-marionette"]

(firefox:4390): GLib-GObject-CRITICAL **: g_object_ref: assertion 'object->ref_count > 0' failed

(firefox:4390): GLib-GObject-CRITICAL **: g_object_unref: assertion 'object->ref_count > 0' failed

(firefox:4390): GLib-GObject-CRITICAL **: g_object_ref: assertion 'object->ref_count > 0' failed

(firefox:4390): GLib-GObject-CRITICAL **: g_object_unref: assertion 'object->ref_count > 0' failed
1499477893911	Marionette	INFO	Listening on port 34652
1499477894065	Marionette	WARN	TLS certificate errors will be ignored for this session

(/usr/lib/firefox/firefox:4436): GLib-GObject-CRITICAL **: g_object_ref: assertion 'object->ref_count > 0' failed

(/usr/lib/firefox/firefox:4436): GLib-GObject-CRITICAL **: g_object_unref: assertion 'object->ref_count > 0' failed

(/usr/lib/firefox/firefox:4436): GLib-GObject-CRITICAL **: g_object_ref: assertion 'object->ref_count > 0' failed

(/usr/lib/firefox/firefox:4436): GLib-GObject-CRITICAL **: g_object_unref: assertion 'object->ref_count > 0' failed
1499477894970	Marionette	INFO	New connections will no longer be accepted
[GFX1-]: Receive IPC close with reason=AbnormalShutdown
[Child 4436] WARNING: pipe error (3): Connection reset by peer: file /build/firefox-3dApU_/firefox-53.0.2+build1/ipc/chromium/src/chrome/common/ipc_channel_posix.cc, line 346
1499478007164	geckodriver	INFO	Listening on 127.0.0.1:45479
1499478008225	geckodriver::marionette	INFO	Starting browser /usr/bin/firefox with args ["-marionette"]

(firefox:4501): GLib-GObject-CRITICAL **: g_object_ref: assertion 'object->ref_count > 0' failed

(firefox:4501): GLib-GObject-CRITICAL **: g_object_unref: assertion 'object->ref_count > 0' failed

(firefox:4501): GLib-GObject-CRITICAL **: g_object_ref: assertion 'object->ref_count > 0' failed

(firefox:4501): GLib-GObject-CRITICAL **: g_object_unref: assertion 'object->ref_count > 0' failed
1499478010137	Marionette	INFO	Listening on port 55286
1499478010212	Marionette	WARN	TLS certificate errors will be ignored for this session

(/usr/lib/firefox/firefox:4547): GLib-GObject-CRITICAL **: g_object_ref: assertion 'object->ref_count > 0' failed

(/usr/lib/firefox/firefox:4547): GLib-GObject-CRITICAL **: g_object_unref: assertion 'object->ref_count > 0' failed

(/usr/lib/firefox/firefox:4547): GLib-GObject-CRITICAL **: g_object_ref: assertion 'object->ref_count > 0' failed

(/usr/lib/firefox/firefox:4547): GLib-GObject-CRITICAL **: g_object_unref: assertion 'object->ref_count > 0' failed
1499478011226	Marionette	INFO	New connections will no longer be accepted
[GFX1-]: Receive IPC close with reason=AbnormalShutdown
[Child 4547] WARNING: pipe error (3): Connection reset by peer: file /build/firefox-3dApU_/firefox-53.0.2+build1/ipc/chromium/src/chrome/common/ipc_channel_posix.cc, line 346
1499478421215	geckodriver	INFO	Listening on 127.0.0.1:41374
1499478422275	geckodriver::marionette	INFO	Starting browser /usr/bin/firefox with args ["-marionette"]

(firefox:4738): GLib-GObject-CRITICAL **: g_object_ref: assertion 'object->ref_count > 0' failed

(firefox:4738): GLib-GObject-CRITICAL **: g_object_unref: assertion 'object->ref_count > 0' failed

(firefox:4738): GLib-GObject-CRITICAL **: g_object_ref: assertion 'object->ref_count > 0' failed

(firefox:4738): GLib-GObject-CRITICAL **: g_object_unref: assertion 'object->ref_count > 0' failed
1499478424137	Marionette	INFO	Listening on port 49428
1499478424265	Marionette	WARN	TLS certificate errors will be ignored for this session

(/usr/lib/firefox/firefox:4784): GLib-GObject-CRITICAL **: g_object_ref: assertion 'object->ref_count > 0' failed

(/usr/lib/firefox/firefox:4784): GLib-GObject-CRITICAL **: g_object_unref: assertion 'object->ref_count > 0' failed

(/usr/lib/firefox/firefox:4784): GLib-GObject-CRITICAL **: g_object_ref: assertion 'object->ref_count > 0' failed

(/usr/lib/firefox/firefox:4784): GLib-GObject-CRITICAL **: g_object_unref: assertion 'object->ref_count > 0' failed
1499478425154	Marionette	INFO	New connections will no longer be accepted
[GFX1-]: Receive IPC close with reason=AbnormalShutdown
[Child 4784] WARNING: pipe error (3): Connection reset by peer: file /build/firefox-3dApU_/firefox-53.0.2+build1/ipc/chromium/src/chrome/common/ipc_channel_posix.cc, line 346
1499478443540	geckodriver	INFO	Listening on 127.0.0.1:33194
1499478444601	geckodriver::marionette	INFO	Starting browser /usr/bin/firefox with args ["-marionette"]

(firefox:4835): GLib-GObject-CRITICAL **: g_object_ref: assertion 'object->ref_count > 0' failed

(firefox:4835): GLib-GObject-CRITICAL **: g_object_unref: assertion 'object->ref_count > 0' failed

(firefox:4835): GLib-GObject-CRITICAL **: g_object_ref: assertion 'object->ref_count > 0' failed

(firefox:4835): GLib-GObject-CRITICAL **: g_object_unref: assertion 'object->ref_count > 0' failed
1499478446352	Marionette	INFO	Listening on port 53541
1499478446483	Marionette	WARN	TLS certificate errors will be ignored for this session

(/usr/lib/firefox/firefox:4881): GLib-GObject-CRITICAL **: g_object_ref: assertion 'object->ref_count > 0' failed

(/usr/lib/firefox/firefox:4881): GLib-GObject-CRITICAL **: g_object_unref: assertion 'object->ref_count > 0' failed

(/usr/lib/firefox/firefox:4881): GLib-GObject-CRITICAL **: g_object_ref: assertion 'object->ref_count > 0' failed

(/usr/lib/firefox/firefox:4881): GLib-GObject-CRITICAL **: g_object_unref: assertion 'object->ref_count > 0' failed
1499478447418	Marionette	INFO	New connections will no longer be accepted
[Child 4881] WARNING: pipe error (17): Connection reset by peer: file /build/firefox-3dApU_/firefox-53.0.2+build1/ipc/chromium/src/chrome/common/ipc_channel_posix.cc, line 346

###!!! [Child][MessageChannel::SendAndWait] Error: Channel error: cannot send/recv


###!!! [Child][MessageChannel] Error: (msgtype=0x880008,name=PLayerTransaction::Msg_ReleaseCompositable) Channel error: cannot send/recv


###!!! [Child][MessageChannel] Error: (msgtype=0x880007,name=PLayerTransaction::Msg_ReleaseLayer) Channel error: cannot send/recv


###!!! [Child][MessageChannel] Error: (msgtype=0xDA0003,name=PTexture::Msg_Destroy) Channel error: cannot send/recv


###!!! [Child][MessageChannel] Error: (msgtype=0xDA0003,name=PTexture::Msg_Destroy) Channel error: cannot send/recv


###!!! [Child][MessageChannel] Error: (msgtype=0x880008,name=PLayerTransaction::Msg_ReleaseCompositable) Channel error: cannot send/recv


###!!! [Child][MessageChannel] Error: (msgtype=0x880007,name=PLayerTransaction::Msg_ReleaseLayer) Channel error: cannot send/recv


###!!! [Child][MessageChannel] Error: (msgtype=0x880007,name=PLayerTransaction::Msg_ReleaseLayer) Channel error: cannot send/recv


###!!! [Child][RunMessage] Error: Channel error: cannot send/recv

[Child 4881] WARNING: pipe error (3): Connection reset by peer: file /build/firefox-3dApU_/firefox-53.0.2+build1/ipc/chromium/src/chrome/common/ipc_channel_posix.cc, line 346
1499478606836	geckodriver	INFO	Listening on 127.0.0.1:37417
1499478607903	geckodriver::marionette	INFO	Starting browser /usr/bin/firefox with args ["-marionette"]

(firefox:4928): GLib-GObject-CRITICAL **: g_object_ref: assertion 'object->ref_count > 0' failed

(firefox:4928): GLib-GObject-CRITICAL **: g_object_unref: assertion 'object->ref_count > 0' failed

(firefox:4928): GLib-GObject-CRITICAL **: g_object_ref: assertion 'object->ref_count > 0' failed

(firefox:4928): GLib-GObject-CRITICAL **: g_object_unref: assertion 'object->ref_count > 0' failed
1499478609656	Marionette	INFO	Listening on port 48327

(/usr/lib/firefox/firefox:4974): GLib-GObject-CRITICAL **: g_object_ref: assertion 'object->ref_count > 0' failed

(/usr/lib/firefox/firefox:4974): GLib-GObject-CRITICAL **: g_object_unref: assertion 'object->ref_count > 0' failed

(/usr/lib/firefox/firefox:4974): GLib-GObject-CRITICAL **: g_object_ref: assertion 'object->ref_count > 0' failed

(/usr/lib/firefox/firefox:4974): GLib-GObject-CRITICAL **: g_object_unref: assertion 'object->ref_count > 0' failed
1499478609805	Marionette	WARN	TLS certificate errors will be ignored for this session
1499478610689	Marionette	INFO	New connections will no longer be accepted
[GFX1-]: Receive IPC close with reason=AbnormalShutdown
[Child 4974] WARNING: pipe error (3): Connection reset by peer: file /build/firefox-3dApU_/firefox-53.0.2+build1/ipc/chromium/src/chrome/common/ipc_channel_posix.cc, line 346
1499478838272	geckodriver	INFO	Listening on 127.0.0.1:60788
1499478839340	geckodriver::marionette	INFO	Starting browser /usr/bin/firefox with args ["-marionette"]

(firefox:5021): GLib-GObject-CRITICAL **: g_object_ref: assertion 'object->ref_count > 0' failed

(firefox:5021): GLib-GObject-CRITICAL **: g_object_unref: assertion 'object->ref_count > 0' failed

(firefox:5021): GLib-GObject-CRITICAL **: g_object_ref: assertion 'object->ref_count > 0' failed

(firefox:5021): GLib-GObject-CRITICAL **: g_object_unref: assertion 'object->ref_count > 0' failed
1499478841087	Marionette	INFO	Listening on port 54713
1499478841227	Marionette	WARN	TLS certificate errors will be ignored for this session

(/usr/lib/firefox/firefox:5067): GLib-GObject-CRITICAL **: g_object_ref: assertion 'object->ref_count > 0' failed

(/usr/lib/firefox/firefox:5067): GLib-GObject-CRITICAL **: g_object_unref: assertion 'object->ref_count > 0' failed

(/usr/lib/firefox/firefox:5067): GLib-GObject-CRITICAL **: g_object_ref: assertion 'object->ref_count > 0' failed

(/usr/lib/firefox/firefox:5067): GLib-GObject-CRITICAL **: g_object_unref: assertion 'object->ref_count > 0' failed
1499478842166	Marionette	INFO	New connections will no longer be accepted
[GFX1-]: Receive IPC close with reason=AbnormalShutdown
[Child 5067] WARNING: pipe error (3): Connection reset by peer: file /build/firefox-3dApU_/firefox-53.0.2+build1/ipc/chromium/src/chrome/common/ipc_channel_posix.cc, line 346
1499478864213	geckodriver	INFO	Listening on 127.0.0.1:49583
1499478865274	geckodriver::marionette	INFO	Starting browser /usr/bin/firefox with args ["-marionette"]

(firefox:5111): GLib-GObject-CRITICAL **: g_object_ref: assertion 'object->ref_count > 0' failed

(firefox:5111): GLib-GObject-CRITICAL **: g_object_unref: assertion 'object->ref_count > 0' failed

(firefox:5111): GLib-GObject-CRITICAL **: g_object_ref: assertion 'object->ref_count > 0' failed

(firefox:5111): GLib-GObject-CRITICAL **: g_object_unref: assertion 'object->ref_count > 0' failed
1499478867183	Marionette	INFO	Listening on port 57296
1499478867261	Marionette	WARN	TLS certificate errors will be ignored for this session

(/usr/lib/firefox/firefox:5158): GLib-GObject-CRITICAL **: g_object_ref: assertion 'object->ref_count > 0' failed

(/usr/lib/firefox/firefox:5158): GLib-GObject-CRITICAL **: g_object_unref: assertion 'object->ref_count > 0' failed

(/usr/lib/firefox/firefox:5158): GLib-GObject-CRITICAL **: g_object_ref: assertion 'object->ref_count > 0' failed

(/usr/lib/firefox/firefox:5158): GLib-GObject-CRITICAL **: g_object_unref: assertion 'object->ref_count > 0' failed
1499478868243	Marionette	INFO	New connections will no longer be accepted
[GFX1-]: Receive IPC close with reason=AbnormalShutdown
[Child 5158] WARNING: pipe error (3): Connection reset by peer: file /build/firefox-3dApU_/firefox-53.0.2+build1/ipc/chromium/src/chrome/common/ipc_channel_posix.cc, line 346
1499478913277	geckodriver	INFO	Listening on 127.0.0.1:55653
1499478914346	geckodriver::marionette	INFO	Starting browser /usr/bin/firefox with args ["-marionette"]

(firefox:5207): GLib-GObject-CRITICAL **: g_object_ref: assertion 'object->ref_count > 0' failed

(firefox:5207): GLib-GObject-CRITICAL **: g_object_unref: assertion 'object->ref_count > 0' failed

(firefox:5207): GLib-GObject-CRITICAL **: g_object_ref: assertion 'object->ref_count > 0' failed

(firefox:5207): GLib-GObject-CRITICAL **: g_object_unref: assertion 'object->ref_count > 0' failed
1499478916195	Marionette	INFO	Listening on port 39591
1499478916325	Marionette	WARN	TLS certificate errors will be ignored for this session

(/usr/lib/firefox/firefox:5253): GLib-GObject-CRITICAL **: g_object_ref: assertion 'object->ref_count > 0' failed

(/usr/lib/firefox/firefox:5253): GLib-GObject-CRITICAL **: g_object_unref: assertion 'object->ref_count > 0' failed

(/usr/lib/firefox/firefox:5253): GLib-GObject-CRITICAL **: g_object_ref: assertion 'object->ref_count > 0' failed

(/usr/lib/firefox/firefox:5253): GLib-GObject-CRITICAL **: g_object_unref: assertion 'object->ref_count > 0' failed
1499478917299	Marionette	INFO	New connections will no longer be accepted
[GFX1-]: Receive IPC close with reason=AbnormalShutdown
[Child 5253] WARNING: pipe error (3): Connection reset by peer: file /build/firefox-3dApU_/firefox-53.0.2+build1/ipc/chromium/src/chrome/common/ipc_channel_posix.cc, line 346
1499478960953	geckodriver	INFO	Listening on 127.0.0.1:45381
1499478962013	geckodriver::marionette	INFO	Starting browser /usr/bin/firefox with args ["-marionette"]

(firefox:5307): GLib-GObject-CRITICAL **: g_object_ref: assertion 'object->ref_count > 0' failed

(firefox:5307): GLib-GObject-CRITICAL **: g_object_unref: assertion 'object->ref_count > 0' failed

(firefox:5307): GLib-GObject-CRITICAL **: g_object_ref: assertion 'object->ref_count > 0' failed

(firefox:5307): GLib-GObject-CRITICAL **: g_object_unref: assertion 'object->ref_count > 0' failed
1499478963844	Marionette	INFO	Listening on port 44684
1499478963998	Marionette	WARN	TLS certificate errors will be ignored for this session

(/usr/lib/firefox/firefox:5353): GLib-GObject-CRITICAL **: g_object_ref: assertion 'object->ref_count > 0' failed

(/usr/lib/firefox/firefox:5353): GLib-GObject-CRITICAL **: g_object_unref: assertion 'object->ref_count > 0' failed

(/usr/lib/firefox/firefox:5353): GLib-GObject-CRITICAL **: g_object_ref: assertion 'object->ref_count > 0' failed

(/usr/lib/firefox/firefox:5353): GLib-GObject-CRITICAL **: g_object_unref: assertion 'object->ref_count > 0' failed
1499478964902	Marionette	INFO	New connections will no longer be accepted
[GFX1-]: Receive IPC close with reason=AbnormalShutdown
[Child 5353] WARNING: pipe error (3): Connection reset by peer: file /build/firefox-3dApU_/firefox-53.0.2+build1/ipc/chromium/src/chrome/common/ipc_channel_posix.cc, line 346
1499479579740	geckodriver	INFO	Listening on 127.0.0.1:54039
1499479580808	geckodriver::marionette	INFO	Starting browser /usr/bin/firefox with args ["-marionette"]

(firefox:5459): GLib-GObject-CRITICAL **: g_object_ref: assertion 'object->ref_count > 0' failed

(firefox:5459): GLib-GObject-CRITICAL **: g_object_unref: assertion 'object->ref_count > 0' failed

(firefox:5459): GLib-GObject-CRITICAL **: g_object_ref: assertion 'object->ref_count > 0' failed

(firefox:5459): GLib-GObject-CRITICAL **: g_object_unref: assertion 'object->ref_count > 0' failed
1499479582590	Marionette	INFO	Listening on port 46190
1499479582691	Marionette	WARN	TLS certificate errors will be ignored for this session

(/usr/lib/firefox/firefox:5505): GLib-GObject-CRITICAL **: g_object_ref: assertion 'object->ref_count > 0' failed

(/usr/lib/firefox/firefox:5505): GLib-GObject-CRITICAL **: g_object_unref: assertion 'object->ref_count > 0' failed

(/usr/lib/firefox/firefox:5505): GLib-GObject-CRITICAL **: g_object_ref: assertion 'object->ref_count > 0' failed

(/usr/lib/firefox/firefox:5505): GLib-GObject-CRITICAL **: g_object_unref: assertion 'object->ref_count > 0' failed
[GFX1-]: Receive IPC close with reason=AbnormalShutdown
[Child 5505] WARNING: pipe error (3): Connection reset by peer: file /build/firefox-3dApU_/firefox-53.0.2+build1/ipc/chromium/src/chrome/common/ipc_channel_posix.cc, line 346
1499479676307	geckodriver	INFO	Listening on 127.0.0.1:36292
1499479677373	geckodriver::marionette	INFO	Starting browser /usr/bin/firefox with args ["-marionette"]

(firefox:5556): GLib-GObject-CRITICAL **: g_object_ref: assertion 'object->ref_count > 0' failed

(firefox:5556): GLib-GObject-CRITICAL **: g_object_unref: assertion 'object->ref_count > 0' failed

(firefox:5556): GLib-GObject-CRITICAL **: g_object_ref: assertion 'object->ref_count > 0' failed

(firefox:5556): GLib-GObject-CRITICAL **: g_object_unref: assertion 'object->ref_count > 0' failed
1499479679268	Marionette	INFO	Listening on port 45387
1499479679363	Marionette	WARN	TLS certificate errors will be ignored for this session

(/usr/lib/firefox/firefox:5602): GLib-GObject-CRITICAL **: g_object_ref: assertion 'object->ref_count > 0' failed

(/usr/lib/firefox/firefox:5602): GLib-GObject-CRITICAL **: g_object_unref: assertion 'object->ref_count > 0' failed

(/usr/lib/firefox/firefox:5602): GLib-GObject-CRITICAL **: g_object_ref: assertion 'object->ref_count > 0' failed

(/usr/lib/firefox/firefox:5602): GLib-GObject-CRITICAL **: g_object_unref: assertion 'object->ref_count > 0' failed
[GFX1-]: Receive IPC close with reason=AbnormalShutdown
[Child 5602] WARNING: pipe error (3): Connection reset by peer: file /build/firefox-3dApU_/firefox-53.0.2+build1/ipc/chromium/src/chrome/common/ipc_channel_posix.cc, line 346
1499479728391	geckodriver	INFO	Listening on 127.0.0.1:44873
1499479729459	geckodriver::marionette	INFO	Starting browser /usr/bin/firefox with args ["-marionette"]

(firefox:5645): GLib-GObject-CRITICAL **: g_object_ref: assertion 'object->ref_count > 0' failed

(firefox:5645): GLib-GObject-CRITICAL **: g_object_unref: assertion 'object->ref_count > 0' failed

(firefox:5645): GLib-GObject-CRITICAL **: g_object_ref: assertion 'object->ref_count > 0' failed

(firefox:5645): GLib-GObject-CRITICAL **: g_object_unref: assertion 'object->ref_count > 0' failed
1499479731484	Marionette	INFO	Listening on port 39784
1499479731683	Marionette	WARN	TLS certificate errors will be ignored for this session

(/usr/lib/firefox/firefox:5691): GLib-GObject-CRITICAL **: g_object_ref: assertion 'object->ref_count > 0' failed

(/usr/lib/firefox/firefox:5691): GLib-GObject-CRITICAL **: g_object_unref: assertion 'object->ref_count > 0' failed

(/usr/lib/firefox/firefox:5691): GLib-GObject-CRITICAL **: g_object_ref: assertion 'object->ref_count > 0' failed

(/usr/lib/firefox/firefox:5691): GLib-GObject-CRITICAL **: g_object_unref: assertion 'object->ref_count > 0' failed
1499479738094	Marionette	INFO	New connections will no longer be accepted
[GFX1-]: Receive IPC close with reason=AbnormalShutdown
[Child 5691] WARNING: pipe error (3): Connection reset by peer: file /build/firefox-3dApU_/firefox-53.0.2+build1/ipc/chromium/src/chrome/common/ipc_channel_posix.cc, line 346
1499479818280	geckodriver	INFO	Listening on 127.0.0.1:37812
1499479819337	geckodriver::marionette	INFO	Starting browser /usr/bin/firefox with args ["-marionette"]

(firefox:5774): GLib-GObject-CRITICAL **: g_object_ref: assertion 'object->ref_count > 0' failed

(firefox:5774): GLib-GObject-CRITICAL **: g_object_unref: assertion 'object->ref_count > 0' failed

(firefox:5774): GLib-GObject-CRITICAL **: g_object_ref: assertion 'object->ref_count > 0' failed

(firefox:5774): GLib-GObject-CRITICAL **: g_object_unref: assertion 'object->ref_count > 0' failed
1499479821207	Marionette	INFO	Listening on port 46402
1499479821345	Marionette	WARN	TLS certificate errors will be ignored for this session

(/usr/lib/firefox/firefox:5821): GLib-GObject-CRITICAL **: g_object_ref: assertion 'object->ref_count > 0' failed

(/usr/lib/firefox/firefox:5821): GLib-GObject-CRITICAL **: g_object_unref: assertion 'object->ref_count > 0' failed

(/usr/lib/firefox/firefox:5821): GLib-GObject-CRITICAL **: g_object_ref: assertion 'object->ref_count > 0' failed

(/usr/lib/firefox/firefox:5821): GLib-GObject-CRITICAL **: g_object_unref: assertion 'object->ref_count > 0' failed
1499479857786	Marionette	INFO	New connections will no longer be accepted
[GFX1-]: Receive IPC close with reason=AbnormalShutdown
[Child 5821] WARNING: pipe error (3): Connection reset by peer: file /build/firefox-3dApU_/firefox-53.0.2+build1/ipc/chromium/src/chrome/common/ipc_channel_posix.cc, line 346
1499480020491	geckodriver	INFO	Listening on 127.0.0.1:53540
1499480021555	geckodriver::marionette	INFO	Starting browser /usr/bin/firefox with args ["-marionette"]

(firefox:5869): GLib-GObject-CRITICAL **: g_object_ref: assertion 'object->ref_count > 0' failed

(firefox:5869): GLib-GObject-CRITICAL **: g_object_unref: assertion 'object->ref_count > 0' failed

(firefox:5869): GLib-GObject-CRITICAL **: g_object_ref: assertion 'object->ref_count > 0' failed

(firefox:5869): GLib-GObject-CRITICAL **: g_object_unref: assertion 'object->ref_count > 0' failed
1499480023377	Marionette	INFO	Listening on port 57182
1499480023471	Marionette	WARN	TLS certificate errors will be ignored for this session

(/usr/lib/firefox/firefox:5915): GLib-GObject-CRITICAL **: g_object_ref: assertion 'object->ref_count > 0' failed

(/usr/lib/firefox/firefox:5915): GLib-GObject-CRITICAL **: g_object_unref: assertion 'object->ref_count > 0' failed

(/usr/lib/firefox/firefox:5915): GLib-GObject-CRITICAL **: g_object_ref: assertion 'object->ref_count > 0' failed

(/usr/lib/firefox/firefox:5915): GLib-GObject-CRITICAL **: g_object_unref: assertion 'object->ref_count > 0' failed
1499480059932	Marionette	INFO	New connections will no longer be accepted
[GFX1-]: Receive IPC close with reason=AbnormalShutdown
[Child 5915] WARNING: pipe error (3): Connection reset by peer: file /build/firefox-3dApU_/firefox-53.0.2+build1/ipc/chromium/src/chrome/common/ipc_channel_posix.cc, line 346
1499480123648	geckodriver	INFO	Listening on 127.0.0.1:38329
1499480124704	geckodriver::marionette	INFO	Starting browser /usr/bin/firefox with args ["-marionette"]

(firefox:5968): GLib-GObject-CRITICAL **: g_object_ref: assertion 'object->ref_count > 0' failed

(firefox:5968): GLib-GObject-CRITICAL **: g_object_unref: assertion 'object->ref_count > 0' failed

(firefox:5968): GLib-GObject-CRITICAL **: g_object_ref: assertion 'object->ref_count > 0' failed

(firefox:5968): GLib-GObject-CRITICAL **: g_object_unref: assertion 'object->ref_count > 0' failed
1499480126545	Marionette	INFO	Listening on port 50080
1499480126666	Marionette	WARN	TLS certificate errors will be ignored for this session

(/usr/lib/firefox/firefox:6014): GLib-GObject-CRITICAL **: g_object_ref: assertion 'object->ref_count > 0' failed

(/usr/lib/firefox/firefox:6014): GLib-GObject-CRITICAL **: g_object_unref: assertion 'object->ref_count > 0' failed

(/usr/lib/firefox/firefox:6014): GLib-GObject-CRITICAL **: g_object_ref: assertion 'object->ref_count > 0' failed

(/usr/lib/firefox/firefox:6014): GLib-GObject-CRITICAL **: g_object_unref: assertion 'object->ref_count > 0' failed
1499480127577	Marionette	INFO	New connections will no longer be accepted
[GFX1-]: Receive IPC close with reason=AbnormalShutdown
[Child 6014] WARNING: pipe error (3): Connection reset by peer: file /build/firefox-3dApU_/firefox-53.0.2+build1/ipc/chromium/src/chrome/common/ipc_channel_posix.cc, line 346
1499480165504	geckodriver	INFO	Listening on 127.0.0.1:56680
1499480166563	geckodriver::marionette	INFO	Starting browser /usr/bin/firefox with args ["-marionette"]

(firefox:6061): GLib-GObject-CRITICAL **: g_object_ref: assertion 'object->ref_count > 0' failed

(firefox:6061): GLib-GObject-CRITICAL **: g_object_unref: assertion 'object->ref_count > 0' failed

(firefox:6061): GLib-GObject-CRITICAL **: g_object_ref: assertion 'object->ref_count > 0' failed

(firefox:6061): GLib-GObject-CRITICAL **: g_object_unref: assertion 'object->ref_count > 0' failed
1499480168445	Marionette	INFO	Listening on port 60243
1499480168559	Marionette	WARN	TLS certificate errors will be ignored for this session

(/usr/lib/firefox/firefox:6107): GLib-GObject-CRITICAL **: g_object_ref: assertion 'object->ref_count > 0' failed

(/usr/lib/firefox/firefox:6107): GLib-GObject-CRITICAL **: g_object_unref: assertion 'object->ref_count > 0' failed

(/usr/lib/firefox/firefox:6107): GLib-GObject-CRITICAL **: g_object_ref: assertion 'object->ref_count > 0' failed

(/usr/lib/firefox/firefox:6107): GLib-GObject-CRITICAL **: g_object_unref: assertion 'object->ref_count > 0' failed
1499480204988	Marionette	INFO	New connections will no longer be accepted
[GFX1-]: Receive IPC close with reason=AbnormalShutdown
[Child 6107] WARNING: pipe error (3): Connection reset by peer: file /build/firefox-3dApU_/firefox-53.0.2+build1/ipc/chromium/src/chrome/common/ipc_channel_posix.cc, line 346
1499480259098	geckodriver	INFO	Listening on 127.0.0.1:40586
1499480260163	geckodriver::marionette	INFO	Starting browser /usr/bin/firefox with args ["-marionette"]

(firefox:6153): GLib-GObject-CRITICAL **: g_object_ref: assertion 'object->ref_count > 0' failed

(firefox:6153): GLib-GObject-CRITICAL **: g_object_unref: assertion 'object->ref_count > 0' failed

(firefox:6153): GLib-GObject-CRITICAL **: g_object_ref: assertion 'object->ref_count > 0' failed

(firefox:6153): GLib-GObject-CRITICAL **: g_object_unref: assertion 'object->ref_count > 0' failed
1499480261859	Marionette	INFO	Listening on port 36685
1499480262003	Marionette	WARN	TLS certificate errors will be ignored for this session

(/usr/lib/firefox/firefox:6200): GLib-GObject-CRITICAL **: g_object_ref: assertion 'object->ref_count > 0' failed

(/usr/lib/firefox/firefox:6200): GLib-GObject-CRITICAL **: g_object_unref: assertion 'object->ref_count > 0' failed

(/usr/lib/firefox/firefox:6200): GLib-GObject-CRITICAL **: g_object_ref: assertion 'object->ref_count > 0' failed

(/usr/lib/firefox/firefox:6200): GLib-GObject-CRITICAL **: g_object_unref: assertion 'object->ref_count > 0' failed
[GFX1-]: Receive IPC close with reason=AbnormalShutdown
[Child 6200] WARNING: pipe error (3): Connection reset by peer: file /build/firefox-3dApU_/firefox-53.0.2+build1/ipc/chromium/src/chrome/common/ipc_channel_posix.cc, line 346
1499480360639	geckodriver	INFO	Listening on 127.0.0.1:53402
1499480361697	geckodriver::marionette	INFO	Starting browser /usr/bin/firefox with args ["-marionette"]

(firefox:6248): GLib-GObject-CRITICAL **: g_object_ref: assertion 'object->ref_count > 0' failed

(firefox:6248): GLib-GObject-CRITICAL **: g_object_unref: assertion 'object->ref_count > 0' failed

(firefox:6248): GLib-GObject-CRITICAL **: g_object_ref: assertion 'object->ref_count > 0' failed

(firefox:6248): GLib-GObject-CRITICAL **: g_object_unref: assertion 'object->ref_count > 0' failed
1499480363562	Marionette	INFO	Listening on port 36754
1499480363683	Marionette	WARN	TLS certificate errors will be ignored for this session

(/usr/lib/firefox/firefox:6294): GLib-GObject-CRITICAL **: g_object_ref: assertion 'object->ref_count > 0' failed

(/usr/lib/firefox/firefox:6294): GLib-GObject-CRITICAL **: g_object_unref: assertion 'object->ref_count > 0' failed

(/usr/lib/firefox/firefox:6294): GLib-GObject-CRITICAL **: g_object_ref: assertion 'object->ref_count > 0' failed

(/usr/lib/firefox/firefox:6294): GLib-GObject-CRITICAL **: g_object_unref: assertion 'object->ref_count > 0' failed
1499480375828	Marionette	INFO	New connections will no longer be accepted
[GFX1-]: Receive IPC close with reason=AbnormalShutdown
[Child 6294] WARNING: pipe error (3): Connection reset by peer: file /build/firefox-3dApU_/firefox-53.0.2+build1/ipc/chromium/src/chrome/common/ipc_channel_posix.cc, line 346
1499480466577	geckodriver	INFO	Listening on 127.0.0.1:38337
1499480467645	geckodriver::marionette	INFO	Starting browser /usr/bin/firefox with args ["-marionette"]

(firefox:6347): GLib-GObject-CRITICAL **: g_object_ref: assertion 'object->ref_count > 0' failed

(firefox:6347): GLib-GObject-CRITICAL **: g_object_unref: assertion 'object->ref_count > 0' failed

(firefox:6347): GLib-GObject-CRITICAL **: g_object_ref: assertion 'object->ref_count > 0' failed

(firefox:6347): GLib-GObject-CRITICAL **: g_object_unref: assertion 'object->ref_count > 0' failed
1499480469533	Marionette	INFO	Listening on port 45235
1499480469647	Marionette	WARN	TLS certificate errors will be ignored for this session

(/usr/lib/firefox/firefox:6393): GLib-GObject-CRITICAL **: g_object_ref: assertion 'object->ref_count > 0' failed

(/usr/lib/firefox/firefox:6393): GLib-GObject-CRITICAL **: g_object_unref: assertion 'object->ref_count > 0' failed

(/usr/lib/firefox/firefox:6393): GLib-GObject-CRITICAL **: g_object_ref: assertion 'object->ref_count > 0' failed

(/usr/lib/firefox/firefox:6393): GLib-GObject-CRITICAL **: g_object_unref: assertion 'object->ref_count > 0' failed
1499480481731	Marionette	INFO	New connections will no longer be accepted
[GFX1-]: Receive IPC close with reason=AbnormalShutdown
[Child 6393] WARNING: pipe error (3): Connection reset by peer: file /build/firefox-3dApU_/firefox-53.0.2+build1/ipc/chromium/src/chrome/common/ipc_channel_posix.cc, line 346
1499480560419	geckodriver	INFO	Listening on 127.0.0.1:57825
1499480561486	geckodriver::marionette	INFO	Starting browser /usr/bin/firefox with args ["-marionette"]

(firefox:6473): GLib-GObject-CRITICAL **: g_object_ref: assertion 'object->ref_count > 0' failed

(firefox:6473): GLib-GObject-CRITICAL **: g_object_unref: assertion 'object->ref_count > 0' failed

(firefox:6473): GLib-GObject-CRITICAL **: g_object_ref: assertion 'object->ref_count > 0' failed

(firefox:6473): GLib-GObject-CRITICAL **: g_object_unref: assertion 'object->ref_count > 0' failed
1499480563346	Marionette	INFO	Listening on port 39896
1499480563530	Marionette	WARN	TLS certificate errors will be ignored for this session

(/usr/lib/firefox/firefox:6519): GLib-GObject-CRITICAL **: g_object_ref: assertion 'object->ref_count > 0' failed

(/usr/lib/firefox/firefox:6519): GLib-GObject-CRITICAL **: g_object_unref: assertion 'object->ref_count > 0' failed

(/usr/lib/firefox/firefox:6519): GLib-GObject-CRITICAL **: g_object_ref: assertion 'object->ref_count > 0' failed

(/usr/lib/firefox/firefox:6519): GLib-GObject-CRITICAL **: g_object_unref: assertion 'object->ref_count > 0' failed
1499480575504	Marionette	INFO	New connections will no longer be accepted
[GFX1-]: Receive IPC close with reason=AbnormalShutdown
[Child 6519] WARNING: pipe error (3): Connection reset by peer: file /build/firefox-3dApU_/firefox-53.0.2+build1/ipc/chromium/src/chrome/common/ipc_channel_posix.cc, line 346
1499480623156	geckodriver	INFO	Listening on 127.0.0.1:43896
1499480624216	geckodriver::marionette	INFO	Starting browser /usr/bin/firefox with args ["-marionette"]

(firefox:6566): GLib-GObject-CRITICAL **: g_object_ref: assertion 'object->ref_count > 0' failed

(firefox:6566): GLib-GObject-CRITICAL **: g_object_unref: assertion 'object->ref_count > 0' failed

(firefox:6566): GLib-GObject-CRITICAL **: g_object_ref: assertion 'object->ref_count > 0' failed

(firefox:6566): GLib-GObject-CRITICAL **: g_object_unref: assertion 'object->ref_count > 0' failed
1499480626061	Marionette	INFO	Listening on port 55627
1499480626199	Marionette	WARN	TLS certificate errors will be ignored for this session

(/usr/lib/firefox/firefox:6612): GLib-GObject-CRITICAL **: g_object_ref: assertion 'object->ref_count > 0' failed

(/usr/lib/firefox/firefox:6612): GLib-GObject-CRITICAL **: g_object_unref: assertion 'object->ref_count > 0' failed

(/usr/lib/firefox/firefox:6612): GLib-GObject-CRITICAL **: g_object_ref: assertion 'object->ref_count > 0' failed

(/usr/lib/firefox/firefox:6612): GLib-GObject-CRITICAL **: g_object_unref: assertion 'object->ref_count > 0' failed
1499480638187	Marionette	INFO	New connections will no longer be accepted
[GFX1-]: Receive IPC close with reason=AbnormalShutdown
[Child 6612] WARNING: pipe error (3): Connection reset by peer: file /build/firefox-3dApU_/firefox-53.0.2+build1/ipc/chromium/src/chrome/common/ipc_channel_posix.cc, line 346
1499481788803	geckodriver	INFO	Listening on 127.0.0.1:49975
1499481789860	geckodriver::marionette	INFO	Starting browser /usr/bin/firefox with args ["-marionette"]

(firefox:6892): GLib-GObject-CRITICAL **: g_object_ref: assertion 'object->ref_count > 0' failed

(firefox:6892): GLib-GObject-CRITICAL **: g_object_unref: assertion 'object->ref_count > 0' failed

(firefox:6892): GLib-GObject-CRITICAL **: g_object_ref: assertion 'object->ref_count > 0' failed

(firefox:6892): GLib-GObject-CRITICAL **: g_object_unref: assertion 'object->ref_count > 0' failed
1499481791720	Marionette	INFO	Listening on port 46777
1499481791844	Marionette	WARN	TLS certificate errors will be ignored for this session

(/usr/lib/firefox/firefox:6938): GLib-GObject-CRITICAL **: g_object_ref: assertion 'object->ref_count > 0' failed

(/usr/lib/firefox/firefox:6938): GLib-GObject-CRITICAL **: g_object_unref: assertion 'object->ref_count > 0' failed

(/usr/lib/firefox/firefox:6938): GLib-GObject-CRITICAL **: g_object_ref: assertion 'object->ref_count > 0' failed

(/usr/lib/firefox/firefox:6938): GLib-GObject-CRITICAL **: g_object_unref: assertion 'object->ref_count > 0' failed
1499481792742	Marionette	INFO	New connections will no longer be accepted
[GFX1-]: Receive IPC close with reason=AbnormalShutdown
[Child 6938] WARNING: pipe error (3): Connection reset by peer: file /build/firefox-3dApU_/firefox-53.0.2+build1/ipc/chromium/src/chrome/common/ipc_channel_posix.cc, line 346
1499481848156	geckodriver	INFO	Listening on 127.0.0.1:34899
1499481849224	geckodriver::marionette	INFO	Starting browser /usr/bin/firefox with args ["-marionette"]

(firefox:7041): GLib-GObject-CRITICAL **: g_object_ref: assertion 'object->ref_count > 0' failed

(firefox:7041): GLib-GObject-CRITICAL **: g_object_unref: assertion 'object->ref_count > 0' failed

(firefox:7041): GLib-GObject-CRITICAL **: g_object_ref: assertion 'object->ref_count > 0' failed

(firefox:7041): GLib-GObject-CRITICAL **: g_object_unref: assertion 'object->ref_count > 0' failed
1499481851065	Marionette	INFO	Listening on port 38148
1499481851208	Marionette	WARN	TLS certificate errors will be ignored for this session

(/usr/lib/firefox/firefox:7086): GLib-GObject-CRITICAL **: g_object_ref: assertion 'object->ref_count > 0' failed

(/usr/lib/firefox/firefox:7086): GLib-GObject-CRITICAL **: g_object_unref: assertion 'object->ref_count > 0' failed

(/usr/lib/firefox/firefox:7086): GLib-GObject-CRITICAL **: g_object_ref: assertion 'object->ref_count > 0' failed

(/usr/lib/firefox/firefox:7086): GLib-GObject-CRITICAL **: g_object_unref: assertion 'object->ref_count > 0' failed
1499481852087	Marionette	INFO	New connections will no longer be accepted
[GFX1-]: Receive IPC close with reason=AbnormalShutdown
[Child 7086] WARNING: pipe error (3): Connection reset by peer: file /build/firefox-3dApU_/firefox-53.0.2+build1/ipc/chromium/src/chrome/common/ipc_channel_posix.cc, line 346
1499481934115	geckodriver	INFO	Listening on 127.0.0.1:34884
1499481935175	geckodriver::marionette	INFO	Starting browser /usr/bin/firefox with args ["-marionette"]

(firefox:7130): GLib-GObject-CRITICAL **: g_object_ref: assertion 'object->ref_count > 0' failed

(firefox:7130): GLib-GObject-CRITICAL **: g_object_unref: assertion 'object->ref_count > 0' failed

(firefox:7130): GLib-GObject-CRITICAL **: g_object_ref: assertion 'object->ref_count > 0' failed

(firefox:7130): GLib-GObject-CRITICAL **: g_object_unref: assertion 'object->ref_count > 0' failed
1499481937025	Marionette	INFO	Listening on port 35993
1499481937185	Marionette	WARN	TLS certificate errors will be ignored for this session

(/usr/lib/firefox/firefox:7176): GLib-GObject-CRITICAL **: g_object_ref: assertion 'object->ref_count > 0' failed

(/usr/lib/firefox/firefox:7176): GLib-GObject-CRITICAL **: g_object_unref: assertion 'object->ref_count > 0' failed

(/usr/lib/firefox/firefox:7176): GLib-GObject-CRITICAL **: g_object_ref: assertion 'object->ref_count > 0' failed

(/usr/lib/firefox/firefox:7176): GLib-GObject-CRITICAL **: g_object_unref: assertion 'object->ref_count > 0' failed
1499481949369	Marionette	INFO	New connections will no longer be accepted
[GFX1-]: Receive IPC close with reason=AbnormalShutdown
[Child 7176] WARNING: pipe error (3): Connection reset by peer: file /build/firefox-3dApU_/firefox-53.0.2+build1/ipc/chromium/src/chrome/common/ipc_channel_posix.cc, line 346
1499481984281	geckodriver	INFO	Listening on 127.0.0.1:51310
1499481985340	geckodriver::marionette	INFO	Starting browser /usr/bin/firefox with args ["-marionette"]

(firefox:7231): GLib-GObject-CRITICAL **: g_object_ref: assertion 'object->ref_count > 0' failed

(firefox:7231): GLib-GObject-CRITICAL **: g_object_unref: assertion 'object->ref_count > 0' failed

(firefox:7231): GLib-GObject-CRITICAL **: g_object_ref: assertion 'object->ref_count > 0' failed

(firefox:7231): GLib-GObject-CRITICAL **: g_object_unref: assertion 'object->ref_count > 0' failed
1499481987232	Marionette	INFO	Listening on port 34537
1499481987339	Marionette	WARN	TLS certificate errors will be ignored for this session

(/usr/lib/firefox/firefox:7277): GLib-GObject-CRITICAL **: g_object_ref: assertion 'object->ref_count > 0' failed

(/usr/lib/firefox/firefox:7277): GLib-GObject-CRITICAL **: g_object_unref: assertion 'object->ref_count > 0' failed

(/usr/lib/firefox/firefox:7277): GLib-GObject-CRITICAL **: g_object_ref: assertion 'object->ref_count > 0' failed

(/usr/lib/firefox/firefox:7277): GLib-GObject-CRITICAL **: g_object_unref: assertion 'object->ref_count > 0' failed
1499481999383	Marionette	INFO	New connections will no longer be accepted
[GFX1-]: Receive IPC close with reason=AbnormalShutdown
[Child 7277] WARNING: pipe error (3): Connection reset by peer: file /build/firefox-3dApU_/firefox-53.0.2+build1/ipc/chromium/src/chrome/common/ipc_channel_posix.cc, line 346
1499482036604	geckodriver	INFO	Listening on 127.0.0.1:39968
1499482037672	geckodriver::marionette	INFO	Starting browser /usr/bin/firefox with args ["-marionette"]

(firefox:7326): GLib-GObject-CRITICAL **: g_object_ref: assertion 'object->ref_count > 0' failed

(firefox:7326): GLib-GObject-CRITICAL **: g_object_unref: assertion 'object->ref_count > 0' failed

(firefox:7326): GLib-GObject-CRITICAL **: g_object_ref: assertion 'object->ref_count > 0' failed

(firefox:7326): GLib-GObject-CRITICAL **: g_object_unref: assertion 'object->ref_count > 0' failed
1499482039544	Marionette	INFO	Listening on port 44215
1499482039674	Marionette	WARN	TLS certificate errors will be ignored for this session

(/usr/lib/firefox/firefox:7372): GLib-GObject-CRITICAL **: g_object_ref: assertion 'object->ref_count > 0' failed

(/usr/lib/firefox/firefox:7372): GLib-GObject-CRITICAL **: g_object_unref: assertion 'object->ref_count > 0' failed

(/usr/lib/firefox/firefox:7372): GLib-GObject-CRITICAL **: g_object_ref: assertion 'object->ref_count > 0' failed

(/usr/lib/firefox/firefox:7372): GLib-GObject-CRITICAL **: g_object_unref: assertion 'object->ref_count > 0' failed
1499482051690	Marionette	INFO	New connections will no longer be accepted
[GFX1-]: Receive IPC close with reason=AbnormalShutdown
[Child 7372] WARNING: pipe error (3): Connection reset by peer: file /build/firefox-3dApU_/firefox-53.0.2+build1/ipc/chromium/src/chrome/common/ipc_channel_posix.cc, line 346
1499482108474	geckodriver	INFO	Listening on 127.0.0.1:51564
1499482109535	geckodriver::marionette	INFO	Starting browser /usr/bin/firefox with args ["-marionette"]

(firefox:7418): GLib-GObject-CRITICAL **: g_object_ref: assertion 'object->ref_count > 0' failed

(firefox:7418): GLib-GObject-CRITICAL **: g_object_unref: assertion 'object->ref_count > 0' failed

(firefox:7418): GLib-GObject-CRITICAL **: g_object_ref: assertion 'object->ref_count > 0' failed

(firefox:7418): GLib-GObject-CRITICAL **: g_object_unref: assertion 'object->ref_count > 0' failed
1499482111426	Marionette	INFO	Listening on port 51790
1499482111533	Marionette	WARN	TLS certificate errors will be ignored for this session

(/usr/lib/firefox/firefox:7464): GLib-GObject-CRITICAL **: g_object_ref: assertion 'object->ref_count > 0' failed

(/usr/lib/firefox/firefox:7464): GLib-GObject-CRITICAL **: g_object_unref: assertion 'object->ref_count > 0' failed

(/usr/lib/firefox/firefox:7464): GLib-GObject-CRITICAL **: g_object_ref: assertion 'object->ref_count > 0' failed

(/usr/lib/firefox/firefox:7464): GLib-GObject-CRITICAL **: g_object_unref: assertion 'object->ref_count > 0' failed
1499482123530	Marionette	INFO	New connections will no longer be accepted
[GFX1-]: Receive IPC close with reason=AbnormalShutdown
[Child 7464] WARNING: pipe error (3): Connection reset by peer: file /build/firefox-3dApU_/firefox-53.0.2+build1/ipc/chromium/src/chrome/common/ipc_channel_posix.cc, line 346
1499482219594	geckodriver	INFO	Listening on 127.0.0.1:40197
1499482220657	geckodriver::marionette	INFO	Starting browser /usr/bin/firefox with args ["-marionette"]

(firefox:7524): GLib-GObject-CRITICAL **: g_object_ref: assertion 'object->ref_count > 0' failed

(firefox:7524): GLib-GObject-CRITICAL **: g_object_unref: assertion 'object->ref_count > 0' failed

(firefox:7524): GLib-GObject-CRITICAL **: g_object_ref: assertion 'object->ref_count > 0' failed

(firefox:7524): GLib-GObject-CRITICAL **: g_object_unref: assertion 'object->ref_count > 0' failed
1499482222387	Marionette	INFO	Listening on port 37322
1499482222560	Marionette	WARN	TLS certificate errors will be ignored for this session

(/usr/lib/firefox/firefox:7569): GLib-GObject-CRITICAL **: g_object_ref: assertion 'object->ref_count > 0' failed

(/usr/lib/firefox/firefox:7569): GLib-GObject-CRITICAL **: g_object_unref: assertion 'object->ref_count > 0' failed

(/usr/lib/firefox/firefox:7569): GLib-GObject-CRITICAL **: g_object_ref: assertion 'object->ref_count > 0' failed

(/usr/lib/firefox/firefox:7569): GLib-GObject-CRITICAL **: g_object_unref: assertion 'object->ref_count > 0' failed
1499482234666	Marionette	INFO	New connections will no longer be accepted
[GFX1-]: Receive IPC close with reason=AbnormalShutdown
[Child 7569] WARNING: pipe error (3): Connection reset by peer: file /build/firefox-3dApU_/firefox-53.0.2+build1/ipc/chromium/src/chrome/common/ipc_channel_posix.cc, line 346
1499482266504	geckodriver	INFO	Listening on 127.0.0.1:58058
1499482267573	geckodriver::marionette	INFO	Starting browser /usr/bin/firefox with args ["-marionette"]

(firefox:7618): GLib-GObject-CRITICAL **: g_object_ref: assertion 'object->ref_count > 0' failed

(firefox:7618): GLib-GObject-CRITICAL **: g_object_unref: assertion 'object->ref_count > 0' failed

(firefox:7618): GLib-GObject-CRITICAL **: g_object_ref: assertion 'object->ref_count > 0' failed

(firefox:7618): GLib-GObject-CRITICAL **: g_object_unref: assertion 'object->ref_count > 0' failed
1499482269447	Marionette	INFO	Listening on port 60319
1499482269560	Marionette	WARN	TLS certificate errors will be ignored for this session

(/usr/lib/firefox/firefox:7664): GLib-GObject-CRITICAL **: g_object_ref: assertion 'object->ref_count > 0' failed

(/usr/lib/firefox/firefox:7664): GLib-GObject-CRITICAL **: g_object_unref: assertion 'object->ref_count > 0' failed

(/usr/lib/firefox/firefox:7664): GLib-GObject-CRITICAL **: g_object_ref: assertion 'object->ref_count > 0' failed

(/usr/lib/firefox/firefox:7664): GLib-GObject-CRITICAL **: g_object_unref: assertion 'object->ref_count > 0' failed
1499482281561	Marionette	INFO	New connections will no longer be accepted
[GFX1-]: Receive IPC close with reason=AbnormalShutdown
[Child 7664] WARNING: pipe error (3): Connection reset by peer: file /build/firefox-3dApU_/firefox-53.0.2+build1/ipc/chromium/src/chrome/common/ipc_channel_posix.cc, line 346
1499483233446	geckodriver	INFO	Listening on 127.0.0.1:46031
1499483234515	geckodriver::marionette	INFO	Starting browser /usr/bin/firefox with args ["-marionette"]

(firefox:7749): GLib-GObject-CRITICAL **: g_object_ref: assertion 'object->ref_count > 0' failed

(firefox:7749): GLib-GObject-CRITICAL **: g_object_unref: assertion 'object->ref_count > 0' failed

(firefox:7749): GLib-GObject-CRITICAL **: g_object_ref: assertion 'object->ref_count > 0' failed

(firefox:7749): GLib-GObject-CRITICAL **: g_object_unref: assertion 'object->ref_count > 0' failed
1499483236523	Marionette	INFO	Listening on port 58312
1499483236725	Marionette	WARN	TLS certificate errors will be ignored for this session

(/usr/lib/firefox/firefox:7795): GLib-GObject-CRITICAL **: g_object_ref: assertion 'object->ref_count > 0' failed

(/usr/lib/firefox/firefox:7795): GLib-GObject-CRITICAL **: g_object_unref: assertion 'object->ref_count > 0' failed

(/usr/lib/firefox/firefox:7795): GLib-GObject-CRITICAL **: g_object_ref: assertion 'object->ref_count > 0' failed

(/usr/lib/firefox/firefox:7795): GLib-GObject-CRITICAL **: g_object_unref: assertion 'object->ref_count > 0' failed
1499483248959	Marionette	INFO	New connections will no longer be accepted
[GFX1-]: Receive IPC close with reason=AbnormalShutdown
[Child 7795] WARNING: pipe error (3): Connection reset by peer: file /build/firefox-3dApU_/firefox-53.0.2+build1/ipc/chromium/src/chrome/common/ipc_channel_posix.cc, line 346
1499483421366	geckodriver	INFO	Listening on 127.0.0.1:43500
1499483422425	geckodriver::marionette	INFO	Starting browser /usr/bin/firefox with args ["-marionette"]

(firefox:7872): GLib-GObject-CRITICAL **: g_object_ref: assertion 'object->ref_count > 0' failed

(firefox:7872): GLib-GObject-CRITICAL **: g_object_unref: assertion 'object->ref_count > 0' failed

(firefox:7872): GLib-GObject-CRITICAL **: g_object_ref: assertion 'object->ref_count > 0' failed

(firefox:7872): GLib-GObject-CRITICAL **: g_object_unref: assertion 'object->ref_count > 0' failed
1499483424121	Marionette	INFO	Listening on port 43750
1499483424351	Marionette	WARN	TLS certificate errors will be ignored for this session

(/usr/lib/firefox/firefox:7919): GLib-GObject-CRITICAL **: g_object_ref: assertion 'object->ref_count > 0' failed

(/usr/lib/firefox/firefox:7919): GLib-GObject-CRITICAL **: g_object_unref: assertion 'object->ref_count > 0' failed

(/usr/lib/firefox/firefox:7919): GLib-GObject-CRITICAL **: g_object_ref: assertion 'object->ref_count > 0' failed

(/usr/lib/firefox/firefox:7919): GLib-GObject-CRITICAL **: g_object_unref: assertion 'object->ref_count > 0' failed
1499483436573	Marionette	INFO	New connections will no longer be accepted
[GFX1-]: Receive IPC close with reason=AbnormalShutdown
[Child 7919] WARNING: pipe error (3): Connection reset by peer: file /build/firefox-3dApU_/firefox-53.0.2+build1/ipc/chromium/src/chrome/common/ipc_channel_posix.cc, line 346
1499483475637	geckodriver	INFO	Listening on 127.0.0.1:41869
1499483476704	geckodriver::marionette	INFO	Starting browser /usr/bin/firefox with args ["-marionette"]

(firefox:7966): GLib-GObject-CRITICAL **: g_object_ref: assertion 'object->ref_count > 0' failed

(firefox:7966): GLib-GObject-CRITICAL **: g_object_unref: assertion 'object->ref_count > 0' failed

(firefox:7966): GLib-GObject-CRITICAL **: g_object_ref: assertion 'object->ref_count > 0' failed

(firefox:7966): GLib-GObject-CRITICAL **: g_object_unref: assertion 'object->ref_count > 0' failed
1499483478550	Marionette	INFO	Listening on port 60314
1499483478675	Marionette	WARN	TLS certificate errors will be ignored for this session

(/usr/lib/firefox/firefox:8012): GLib-GObject-CRITICAL **: g_object_ref: assertion 'object->ref_count > 0' failed

(/usr/lib/firefox/firefox:8012): GLib-GObject-CRITICAL **: g_object_unref: assertion 'object->ref_count > 0' failed

(/usr/lib/firefox/firefox:8012): GLib-GObject-CRITICAL **: g_object_ref: assertion 'object->ref_count > 0' failed

(/usr/lib/firefox/firefox:8012): GLib-GObject-CRITICAL **: g_object_unref: assertion 'object->ref_count > 0' failed
1499483490825	Marionette	INFO	New connections will no longer be accepted
[GFX1-]: Receive IPC close with reason=AbnormalShutdown
[Child 8012] WARNING: pipe error (3): Connection reset by peer: file /build/firefox-3dApU_/firefox-53.0.2+build1/ipc/chromium/src/chrome/common/ipc_channel_posix.cc, line 346
1499483610023	geckodriver	INFO	Listening on 127.0.0.1:55675
1499483611089	geckodriver::marionette	INFO	Starting browser /usr/bin/firefox with args ["-marionette"]

(firefox:8068): GLib-GObject-CRITICAL **: g_object_ref: assertion 'object->ref_count > 0' failed

(firefox:8068): GLib-GObject-CRITICAL **: g_object_unref: assertion 'object->ref_count > 0' failed

(firefox:8068): GLib-GObject-CRITICAL **: g_object_ref: assertion 'object->ref_count > 0' failed

(firefox:8068): GLib-GObject-CRITICAL **: g_object_unref: assertion 'object->ref_count > 0' failed
1499483612967	Marionette	INFO	Listening on port 42234
1499483613103	Marionette	WARN	TLS certificate errors will be ignored for this session

(/usr/lib/firefox/firefox:8114): GLib-GObject-CRITICAL **: g_object_ref: assertion 'object->ref_count > 0' failed

(/usr/lib/firefox/firefox:8114): GLib-GObject-CRITICAL **: g_object_unref: assertion 'object->ref_count > 0' failed

(/usr/lib/firefox/firefox:8114): GLib-GObject-CRITICAL **: g_object_ref: assertion 'object->ref_count > 0' failed

(/usr/lib/firefox/firefox:8114): GLib-GObject-CRITICAL **: g_object_unref: assertion 'object->ref_count > 0' failed
1499483625336	Marionette	INFO	New connections will no longer be accepted
[GFX1-]: Receive IPC close with reason=AbnormalShutdown
[Child 8114] WARNING: pipe error (3): Connection reset by peer: file /build/firefox-3dApU_/firefox-53.0.2+build1/ipc/chromium/src/chrome/common/ipc_channel_posix.cc, line 346
1499483684254	geckodriver	INFO	Listening on 127.0.0.1:50986
1499483685312	geckodriver::marionette	INFO	Starting browser /usr/bin/firefox with args ["-marionette"]

(firefox:8163): GLib-GObject-CRITICAL **: g_object_ref: assertion 'object->ref_count > 0' failed

(firefox:8163): GLib-GObject-CRITICAL **: g_object_unref: assertion 'object->ref_count > 0' failed

(firefox:8163): GLib-GObject-CRITICAL **: g_object_ref: assertion 'object->ref_count > 0' failed

(firefox:8163): GLib-GObject-CRITICAL **: g_object_unref: assertion 'object->ref_count > 0' failed
1499483687142	Marionette	INFO	Listening on port 54682
1499483687283	Marionette	WARN	TLS certificate errors will be ignored for this session

(/usr/lib/firefox/firefox:8209): GLib-GObject-CRITICAL **: g_object_ref: assertion 'object->ref_count > 0' failed

(/usr/lib/firefox/firefox:8209): GLib-GObject-CRITICAL **: g_object_unref: assertion 'object->ref_count > 0' failed

(/usr/lib/firefox/firefox:8209): GLib-GObject-CRITICAL **: g_object_ref: assertion 'object->ref_count > 0' failed

(/usr/lib/firefox/firefox:8209): GLib-GObject-CRITICAL **: g_object_unref: assertion 'object->ref_count > 0' failed
1499483699699	Marionette	INFO	New connections will no longer be accepted
[GFX1-]: Receive IPC close with reason=AbnormalShutdown
[Child 8209] WARNING: pipe error (3): Connection reset by peer: file /build/firefox-3dApU_/firefox-53.0.2+build1/ipc/chromium/src/chrome/common/ipc_channel_posix.cc, line 346
1499483833463	geckodriver	INFO	Listening on 127.0.0.1:36271
1499483834541	geckodriver::marionette	INFO	Starting browser /usr/bin/firefox with args ["-marionette"]

(firefox:8261): GLib-GObject-CRITICAL **: g_object_ref: assertion 'object->ref_count > 0' failed

(firefox:8261): GLib-GObject-CRITICAL **: g_object_unref: assertion 'object->ref_count > 0' failed

(firefox:8261): GLib-GObject-CRITICAL **: g_object_ref: assertion 'object->ref_count > 0' failed

(firefox:8261): GLib-GObject-CRITICAL **: g_object_unref: assertion 'object->ref_count > 0' failed
1499483836358	Marionette	INFO	Listening on port 57769
1499483836491	Marionette	WARN	TLS certificate errors will be ignored for this session

(/usr/lib/firefox/firefox:8306): GLib-GObject-CRITICAL **: g_object_ref: assertion 'object->ref_count > 0' failed

(/usr/lib/firefox/firefox:8306): GLib-GObject-CRITICAL **: g_object_unref: assertion 'object->ref_count > 0' failed

(/usr/lib/firefox/firefox:8306): GLib-GObject-CRITICAL **: g_object_ref: assertion 'object->ref_count > 0' failed

(/usr/lib/firefox/firefox:8306): GLib-GObject-CRITICAL **: g_object_unref: assertion 'object->ref_count > 0' failed
1499483854377	Marionette	INFO	New connections will no longer be accepted
[GFX1-]: Receive IPC close with reason=AbnormalShutdown
[Child 8306] WARNING: pipe error (3): Connection reset by peer: file /build/firefox-3dApU_/firefox-53.0.2+build1/ipc/chromium/src/chrome/common/ipc_channel_posix.cc, line 346
1499485317489	geckodriver	INFO	Listening on 127.0.0.1:38093
1499485318566	geckodriver::marionette	INFO	Starting browser /usr/bin/firefox with args ["-marionette"]

(firefox:3223): GLib-GObject-CRITICAL **: g_object_ref: assertion 'object->ref_count > 0' failed

(firefox:3223): GLib-GObject-CRITICAL **: g_object_unref: assertion 'object->ref_count > 0' failed

(firefox:3223): GLib-GObject-CRITICAL **: g_object_ref: assertion 'object->ref_count > 0' failed

(firefox:3223): GLib-GObject-CRITICAL **: g_object_unref: assertion 'object->ref_count > 0' failed
1499485322120	Marionette	INFO	Listening on port 47983
1499485322292	Marionette	WARN	TLS certificate errors will be ignored for this session

(/usr/lib/firefox/firefox:3273): GLib-GObject-CRITICAL **: g_object_ref: assertion 'object->ref_count > 0' failed

(/usr/lib/firefox/firefox:3273): GLib-GObject-CRITICAL **: g_object_unref: assertion 'object->ref_count > 0' failed

(/usr/lib/firefox/firefox:3273): GLib-GObject-CRITICAL **: g_object_ref: assertion 'object->ref_count > 0' failed

(/usr/lib/firefox/firefox:3273): GLib-GObject-CRITICAL **: g_object_unref: assertion 'object->ref_count > 0' failed
1499485340538	Marionette	INFO	New connections will no longer be accepted
[GFX1-]: Receive IPC close with reason=AbnormalShutdown
[Child 3273] WARNING: pipe error (3): Connection reset by peer: file /build/firefox-3dApU_/firefox-53.0.2+build1/ipc/chromium/src/chrome/common/ipc_channel_posix.cc, line 346
1499485460387	geckodriver	INFO	Listening on 127.0.0.1:41096
1499485461465	geckodriver::marionette	INFO	Starting browser /usr/bin/firefox with args ["-marionette"]

(firefox:3398): GLib-GObject-CRITICAL **: g_object_ref: assertion 'object->ref_count > 0' failed

(firefox:3398): GLib-GObject-CRITICAL **: g_object_unref: assertion 'object->ref_count > 0' failed

(firefox:3398): GLib-GObject-CRITICAL **: g_object_ref: assertion 'object->ref_count > 0' failed

(firefox:3398): GLib-GObject-CRITICAL **: g_object_unref: assertion 'object->ref_count > 0' failed
1499485464442	Marionette	INFO	Listening on port 54918
1499485464698	Marionette	WARN	TLS certificate errors will be ignored for this session

(/usr/lib/firefox/firefox:3447): GLib-GObject-CRITICAL **: g_object_ref: assertion 'object->ref_count > 0' failed

(/usr/lib/firefox/firefox:3447): GLib-GObject-CRITICAL **: g_object_unref: assertion 'object->ref_count > 0' failed

(/usr/lib/firefox/firefox:3447): GLib-GObject-CRITICAL **: g_object_ref: assertion 'object->ref_count > 0' failed

(/usr/lib/firefox/firefox:3447): GLib-GObject-CRITICAL **: g_object_unref: assertion 'object->ref_count > 0' failed
1499485482545	Marionette	INFO	New connections will no longer be accepted
[GFX1-]: Receive IPC close with reason=AbnormalShutdown
[Child 3447] WARNING: pipe error (3): Connection reset by peer: file /build/firefox-3dApU_/firefox-53.0.2+build1/ipc/chromium/src/chrome/common/ipc_channel_posix.cc, line 346
1499486584979	geckodriver	INFO	Listening on 127.0.0.1:53873
1499486586040	geckodriver::marionette	INFO	Starting browser /usr/bin/firefox with args ["-marionette"]

(firefox:3807): GLib-GObject-CRITICAL **: g_object_ref: assertion 'object->ref_count > 0' failed

(firefox:3807): GLib-GObject-CRITICAL **: g_object_unref: assertion 'object->ref_count > 0' failed

(firefox:3807): GLib-GObject-CRITICAL **: g_object_ref: assertion 'object->ref_count > 0' failed

(firefox:3807): GLib-GObject-CRITICAL **: g_object_unref: assertion 'object->ref_count > 0' failed
1499486587979	Marionette	INFO	Listening on port 33376
1499486588113	Marionette	WARN	TLS certificate errors will be ignored for this session

(/usr/lib/firefox/firefox:3853): GLib-GObject-CRITICAL **: g_object_ref: assertion 'object->ref_count > 0' failed

(/usr/lib/firefox/firefox:3853): GLib-GObject-CRITICAL **: g_object_unref: assertion 'object->ref_count > 0' failed

(/usr/lib/firefox/firefox:3853): GLib-GObject-CRITICAL **: g_object_ref: assertion 'object->ref_count > 0' failed

(/usr/lib/firefox/firefox:3853): GLib-GObject-CRITICAL **: g_object_unref: assertion 'object->ref_count > 0' failed
1499486616475	Marionette	INFO	New connections will no longer be accepted
[GFX1-]: Receive IPC close with reason=AbnormalShutdown
[Child 3853] WARNING: pipe error (3): Connection reset by peer: file /build/firefox-3dApU_/firefox-53.0.2+build1/ipc/chromium/src/chrome/common/ipc_channel_posix.cc, line 346
1499540599748	geckodriver	INFO	Listening on 127.0.0.1:42588
1499540600802	geckodriver::marionette	INFO	Starting browser /usr/bin/firefox with args ["-marionette"]

(firefox:4094): GLib-GObject-CRITICAL **: g_object_ref: assertion 'object->ref_count > 0' failed

(firefox:4094): GLib-GObject-CRITICAL **: g_object_unref: assertion 'object->ref_count > 0' failed

(firefox:4094): GLib-GObject-CRITICAL **: g_object_ref: assertion 'object->ref_count > 0' failed

(firefox:4094): GLib-GObject-CRITICAL **: g_object_unref: assertion 'object->ref_count > 0' failed
1499540602169	Marionette	INFO	Listening on port 58076
1499540602313	Marionette	WARN	TLS certificate errors will be ignored for this session

(/usr/lib/firefox/firefox:4141): GLib-GObject-CRITICAL **: g_object_ref: assertion 'object->ref_count > 0' failed

(/usr/lib/firefox/firefox:4141): GLib-GObject-CRITICAL **: g_object_unref: assertion 'object->ref_count > 0' failed

(/usr/lib/firefox/firefox:4141): GLib-GObject-CRITICAL **: g_object_ref: assertion 'object->ref_count > 0' failed

(/usr/lib/firefox/firefox:4141): GLib-GObject-CRITICAL **: g_object_unref: assertion 'object->ref_count > 0' failed
1499540630492	Marionette	INFO	New connections will no longer be accepted
[GFX1-]: Receive IPC close with reason=AbnormalShutdown
[Child 4141] WARNING: pipe error (3): Connection reset by peer: file /build/firefox-3dApU_/firefox-53.0.2+build1/ipc/chromium/src/chrome/common/ipc_channel_posix.cc, line 346
1499541083442	geckodriver	INFO	Listening on 127.0.0.1:38515
1499541084491	geckodriver::marionette	INFO	Starting browser /usr/bin/firefox with args ["-marionette"]

(firefox:4253): GLib-GObject-CRITICAL **: g_object_ref: assertion 'object->ref_count > 0' failed

(firefox:4253): GLib-GObject-CRITICAL **: g_object_unref: assertion 'object->ref_count > 0' failed

(firefox:4253): GLib-GObject-CRITICAL **: g_object_ref: assertion 'object->ref_count > 0' failed

(firefox:4253): GLib-GObject-CRITICAL **: g_object_unref: assertion 'object->ref_count > 0' failed
1499541086271	Marionette	INFO	Listening on port 45520
1499541086398	Marionette	WARN	TLS certificate errors will be ignored for this session

(/usr/lib/firefox/firefox:4299): GLib-GObject-CRITICAL **: g_object_ref: assertion 'object->ref_count > 0' failed

(/usr/lib/firefox/firefox:4299): GLib-GObject-CRITICAL **: g_object_unref: assertion 'object->ref_count > 0' failed

(/usr/lib/firefox/firefox:4299): GLib-GObject-CRITICAL **: g_object_ref: assertion 'object->ref_count > 0' failed

(/usr/lib/firefox/firefox:4299): GLib-GObject-CRITICAL **: g_object_unref: assertion 'object->ref_count > 0' failed
1499541114364	Marionette	INFO	New connections will no longer be accepted
[GFX1-]: Receive IPC close with reason=AbnormalShutdown
[Child 4299] WARNING: pipe error (3): Connection reset by peer: file /build/firefox-3dApU_/firefox-53.0.2+build1/ipc/chromium/src/chrome/common/ipc_channel_posix.cc, line 346
1499541135485	geckodriver	INFO	Listening on 127.0.0.1:52650
1499541136538	geckodriver::marionette	INFO	Starting browser /usr/bin/firefox with args ["-marionette"]

(firefox:4348): GLib-GObject-CRITICAL **: g_object_ref: assertion 'object->ref_count > 0' failed

(firefox:4348): GLib-GObject-CRITICAL **: g_object_unref: assertion 'object->ref_count > 0' failed

(firefox:4348): GLib-GObject-CRITICAL **: g_object_ref: assertion 'object->ref_count > 0' failed

(firefox:4348): GLib-GObject-CRITICAL **: g_object_unref: assertion 'object->ref_count > 0' failed
1499541137765	Marionette	INFO	Listening on port 48309
1499541137899	Marionette	WARN	TLS certificate errors will be ignored for this session

(/usr/lib/firefox/firefox:4394): GLib-GObject-CRITICAL **: g_object_ref: assertion 'object->ref_count > 0' failed

(/usr/lib/firefox/firefox:4394): GLib-GObject-CRITICAL **: g_object_unref: assertion 'object->ref_count > 0' failed

(/usr/lib/firefox/firefox:4394): GLib-GObject-CRITICAL **: g_object_ref: assertion 'object->ref_count > 0' failed

(/usr/lib/firefox/firefox:4394): GLib-GObject-CRITICAL **: g_object_unref: assertion 'object->ref_count > 0' failed
1499541165834	Marionette	INFO	New connections will no longer be accepted
[GFX1-]: Receive IPC close with reason=AbnormalShutdown
[Child 4394] WARNING: pipe error (3): Connection reset by peer: file /build/firefox-3dApU_/firefox-53.0.2+build1/ipc/chromium/src/chrome/common/ipc_channel_posix.cc, line 346
1499541190269	geckodriver	INFO	Listening on 127.0.0.1:41516
1499541191319	geckodriver::marionette	INFO	Starting browser /usr/bin/firefox with args ["-marionette"]

(firefox:4442): GLib-GObject-CRITICAL **: g_object_ref: assertion 'object->ref_count > 0' failed

(firefox:4442): GLib-GObject-CRITICAL **: g_object_unref: assertion 'object->ref_count > 0' failed

(firefox:4442): GLib-GObject-CRITICAL **: g_object_ref: assertion 'object->ref_count > 0' failed

(firefox:4442): GLib-GObject-CRITICAL **: g_object_unref: assertion 'object->ref_count > 0' failed
1499541192721	Marionette	INFO	Listening on port 34879
1499541192817	Marionette	WARN	TLS certificate errors will be ignored for this session

(/usr/lib/firefox/firefox:4486): GLib-GObject-CRITICAL **: g_object_ref: assertion 'object->ref_count > 0' failed

(/usr/lib/firefox/firefox:4486): GLib-GObject-CRITICAL **: g_object_unref: assertion 'object->ref_count > 0' failed

(/usr/lib/firefox/firefox:4486): GLib-GObject-CRITICAL **: g_object_ref: assertion 'object->ref_count > 0' failed

(/usr/lib/firefox/firefox:4486): GLib-GObject-CRITICAL **: g_object_unref: assertion 'object->ref_count > 0' failed
1499541220789	Marionette	INFO	New connections will no longer be accepted
[GFX1-]: Receive IPC close with reason=AbnormalShutdown
[Child 4486] WARNING: pipe error (3): Connection reset by peer: file /build/firefox-3dApU_/firefox-53.0.2+build1/ipc/chromium/src/chrome/common/ipc_channel_posix.cc, line 346
1499541654582	geckodriver	INFO	Listening on 127.0.0.1:36349
1499541655635	geckodriver::marionette	INFO	Starting browser /usr/bin/firefox with args ["-marionette"]

(firefox:4617): GLib-GObject-CRITICAL **: g_object_ref: assertion 'object->ref_count > 0' failed

(firefox:4617): GLib-GObject-CRITICAL **: g_object_unref: assertion 'object->ref_count > 0' failed

(firefox:4617): GLib-GObject-CRITICAL **: g_object_ref: assertion 'object->ref_count > 0' failed

(firefox:4617): GLib-GObject-CRITICAL **: g_object_unref: assertion 'object->ref_count > 0' failed
1499541656909	Marionette	INFO	Listening on port 37467
1499541657031	Marionette	WARN	TLS certificate errors will be ignored for this session

(/usr/lib/firefox/firefox:4661): GLib-GObject-CRITICAL **: g_object_ref: assertion 'object->ref_count > 0' failed

(/usr/lib/firefox/firefox:4661): GLib-GObject-CRITICAL **: g_object_unref: assertion 'object->ref_count > 0' failed

(/usr/lib/firefox/firefox:4661): GLib-GObject-CRITICAL **: g_object_ref: assertion 'object->ref_count > 0' failed

(/usr/lib/firefox/firefox:4661): GLib-GObject-CRITICAL **: g_object_unref: assertion 'object->ref_count > 0' failed
1499541727530	Marionette	INFO	New connections will no longer be accepted
[GFX1-]: Receive IPC close with reason=AbnormalShutdown
[Child 4661] WARNING: pipe error (3): Connection reset by peer: file /build/firefox-3dApU_/firefox-53.0.2+build1/ipc/chromium/src/chrome/common/ipc_channel_posix.cc, line 346
1499541764507	geckodriver	INFO	Listening on 127.0.0.1:33512
1499541765556	geckodriver::marionette	INFO	Starting browser /usr/bin/firefox with args ["-marionette"]

(firefox:4728): GLib-GObject-CRITICAL **: g_object_ref: assertion 'object->ref_count > 0' failed

(firefox:4728): GLib-GObject-CRITICAL **: g_object_unref: assertion 'object->ref_count > 0' failed

(firefox:4728): GLib-GObject-CRITICAL **: g_object_ref: assertion 'object->ref_count > 0' failed

(firefox:4728): GLib-GObject-CRITICAL **: g_object_unref: assertion 'object->ref_count > 0' failed
1499541766775	Marionette	INFO	Listening on port 57128
1499541766907	Marionette	WARN	TLS certificate errors will be ignored for this session

(/usr/lib/firefox/firefox:4772): GLib-GObject-CRITICAL **: g_object_ref: assertion 'object->ref_count > 0' failed

(/usr/lib/firefox/firefox:4772): GLib-GObject-CRITICAL **: g_object_unref: assertion 'object->ref_count > 0' failed

(/usr/lib/firefox/firefox:4772): GLib-GObject-CRITICAL **: g_object_ref: assertion 'object->ref_count > 0' failed

(/usr/lib/firefox/firefox:4772): GLib-GObject-CRITICAL **: g_object_unref: assertion 'object->ref_count > 0' failed
1499541837332	Marionette	INFO	New connections will no longer be accepted
[GFX1-]: Receive IPC close with reason=AbnormalShutdown
[Child 4772] WARNING: pipe error (3): Connection reset by peer: file /build/firefox-3dApU_/firefox-53.0.2+build1/ipc/chromium/src/chrome/common/ipc_channel_posix.cc, line 346
1499542186318	geckodriver	INFO	Listening on 127.0.0.1:48500
1499542187372	geckodriver::marionette	INFO	Starting browser /usr/bin/firefox with args ["-marionette"]

(firefox:4837): GLib-GObject-CRITICAL **: g_object_ref: assertion 'object->ref_count > 0' failed

(firefox:4837): GLib-GObject-CRITICAL **: g_object_unref: assertion 'object->ref_count > 0' failed

(firefox:4837): GLib-GObject-CRITICAL **: g_object_ref: assertion 'object->ref_count > 0' failed

(firefox:4837): GLib-GObject-CRITICAL **: g_object_unref: assertion 'object->ref_count > 0' failed
1499542188943	Marionette	INFO	Listening on port 50633
1499542189040	Marionette	WARN	TLS certificate errors will be ignored for this session

(/usr/lib/firefox/firefox:4883): GLib-GObject-CRITICAL **: g_object_ref: assertion 'object->ref_count > 0' failed

(/usr/lib/firefox/firefox:4883): GLib-GObject-CRITICAL **: g_object_unref: assertion 'object->ref_count > 0' failed

(/usr/lib/firefox/firefox:4883): GLib-GObject-CRITICAL **: g_object_ref: assertion 'object->ref_count > 0' failed

(/usr/lib/firefox/firefox:4883): GLib-GObject-CRITICAL **: g_object_unref: assertion 'object->ref_count > 0' failed
1499542248920	Marionette	INFO	New connections will no longer be accepted
[GFX1-]: Receive IPC close with reason=AbnormalShutdown
[Child 4883] WARNING: pipe error (3): Connection reset by peer: file /build/firefox-3dApU_/firefox-53.0.2+build1/ipc/chromium/src/chrome/common/ipc_channel_posix.cc, line 346
1499543197547	geckodriver	INFO	Listening on 127.0.0.1:54922
1499543198598	geckodriver::marionette	INFO	Starting browser /usr/bin/firefox with args ["-marionette"]

(firefox:4981): GLib-GObject-CRITICAL **: g_object_ref: assertion 'object->ref_count > 0' failed

(firefox:4981): GLib-GObject-CRITICAL **: g_object_unref: assertion 'object->ref_count > 0' failed

(firefox:4981): GLib-GObject-CRITICAL **: g_object_ref: assertion 'object->ref_count > 0' failed

(firefox:4981): GLib-GObject-CRITICAL **: g_object_unref: assertion 'object->ref_count > 0' failed
1499543199892	Marionette	INFO	Listening on port 48317
1499543199992	Marionette	WARN	TLS certificate errors will be ignored for this session

(/usr/lib/firefox/firefox:5027): GLib-GObject-CRITICAL **: g_object_ref: assertion 'object->ref_count > 0' failed

(/usr/lib/firefox/firefox:5027): GLib-GObject-CRITICAL **: g_object_unref: assertion 'object->ref_count > 0' failed

(/usr/lib/firefox/firefox:5027): GLib-GObject-CRITICAL **: g_object_ref: assertion 'object->ref_count > 0' failed

(/usr/lib/firefox/firefox:5027): GLib-GObject-CRITICAL **: g_object_unref: assertion 'object->ref_count > 0' failed
1499543270485	Marionette	INFO	New connections will no longer be accepted
[GFX1-]: Receive IPC close with reason=AbnormalShutdown
[Child 5027] WARNING: pipe error (3): Connection reset by peer: file /build/firefox-3dApU_/firefox-53.0.2+build1/ipc/chromium/src/chrome/common/ipc_channel_posix.cc, line 346
1499543284154	geckodriver	INFO	Listening on 127.0.0.1:48523
1499543285208	geckodriver::marionette	INFO	Starting browser /usr/bin/firefox with args ["-marionette"]

(firefox:5079): GLib-GObject-CRITICAL **: g_object_ref: assertion 'object->ref_count > 0' failed

(firefox:5079): GLib-GObject-CRITICAL **: g_object_unref: assertion 'object->ref_count > 0' failed

(firefox:5079): GLib-GObject-CRITICAL **: g_object_ref: assertion 'object->ref_count > 0' failed

(firefox:5079): GLib-GObject-CRITICAL **: g_object_unref: assertion 'object->ref_count > 0' failed
1499543286581	Marionette	INFO	Listening on port 50667
1499543286684	Marionette	WARN	TLS certificate errors will be ignored for this session

(/usr/lib/firefox/firefox:5125): GLib-GObject-CRITICAL **: g_object_ref: assertion 'object->ref_count > 0' failed

(/usr/lib/firefox/firefox:5125): GLib-GObject-CRITICAL **: g_object_unref: assertion 'object->ref_count > 0' failed

(/usr/lib/firefox/firefox:5125): GLib-GObject-CRITICAL **: g_object_ref: assertion 'object->ref_count > 0' failed

(/usr/lib/firefox/firefox:5125): GLib-GObject-CRITICAL **: g_object_unref: assertion 'object->ref_count > 0' failed
1499543357196	Marionette	INFO	New connections will no longer be accepted
[GFX1-]: Receive IPC close with reason=AbnormalShutdown
[Child 5125] WARNING: pipe error (3): Connection reset by peer: file /build/firefox-3dApU_/firefox-53.0.2+build1/ipc/chromium/src/chrome/common/ipc_channel_posix.cc, line 346
1499543448728	geckodriver	INFO	Listening on 127.0.0.1:35676
1499543449779	geckodriver::marionette	INFO	Starting browser /usr/bin/firefox with args ["-marionette"]

(firefox:5186): GLib-GObject-CRITICAL **: g_object_ref: assertion 'object->ref_count > 0' failed

(firefox:5186): GLib-GObject-CRITICAL **: g_object_unref: assertion 'object->ref_count > 0' failed

(firefox:5186): GLib-GObject-CRITICAL **: g_object_ref: assertion 'object->ref_count > 0' failed

(firefox:5186): GLib-GObject-CRITICAL **: g_object_unref: assertion 'object->ref_count > 0' failed
1499543451137	Marionette	INFO	Listening on port 42781
1499543451242	Marionette	WARN	TLS certificate errors will be ignored for this session

(/usr/lib/firefox/firefox:5232): GLib-GObject-CRITICAL **: g_object_ref: assertion 'object->ref_count > 0' failed

(/usr/lib/firefox/firefox:5232): GLib-GObject-CRITICAL **: g_object_unref: assertion 'object->ref_count > 0' failed

(/usr/lib/firefox/firefox:5232): GLib-GObject-CRITICAL **: g_object_ref: assertion 'object->ref_count > 0' failed

(/usr/lib/firefox/firefox:5232): GLib-GObject-CRITICAL **: g_object_unref: assertion 'object->ref_count > 0' failed
1499543521801	Marionette	INFO	New connections will no longer be accepted
[GFX1-]: Receive IPC close with reason=AbnormalShutdown
[Child 5232] WARNING: pipe error (3): Connection reset by peer: file /build/firefox-3dApU_/firefox-53.0.2+build1/ipc/chromium/src/chrome/common/ipc_channel_posix.cc, line 346
1499543528993	geckodriver	INFO	Listening on 127.0.0.1:58264
1499543530042	geckodriver::marionette	INFO	Starting browser /usr/bin/firefox with args ["-marionette"]

(firefox:5294): GLib-GObject-CRITICAL **: g_object_ref: assertion 'object->ref_count > 0' failed

(firefox:5294): GLib-GObject-CRITICAL **: g_object_unref: assertion 'object->ref_count > 0' failed

(firefox:5294): GLib-GObject-CRITICAL **: g_object_ref: assertion 'object->ref_count > 0' failed

(firefox:5294): GLib-GObject-CRITICAL **: g_object_unref: assertion 'object->ref_count > 0' failed
1499543531423	Marionette	INFO	Listening on port 51050
1499543531513	Marionette	WARN	TLS certificate errors will be ignored for this session

(/usr/lib/firefox/firefox:5340): GLib-GObject-CRITICAL **: g_object_ref: assertion 'object->ref_count > 0' failed

(/usr/lib/firefox/firefox:5340): GLib-GObject-CRITICAL **: g_object_unref: assertion 'object->ref_count > 0' failed

(/usr/lib/firefox/firefox:5340): GLib-GObject-CRITICAL **: g_object_ref: assertion 'object->ref_count > 0' failed

(/usr/lib/firefox/firefox:5340): GLib-GObject-CRITICAL **: g_object_unref: assertion 'object->ref_count > 0' failed
1499543602099	Marionette	INFO	New connections will no longer be accepted
[GFX1-]: Receive IPC close with reason=AbnormalShutdown
[Child 5340] WARNING: pipe error (3): Connection reset by peer: file /build/firefox-3dApU_/firefox-53.0.2+build1/ipc/chromium/src/chrome/common/ipc_channel_posix.cc, line 346
1499543956204	geckodriver	INFO	Listening on 127.0.0.1:48362
1499543957254	geckodriver::marionette	INFO	Starting browser /usr/bin/firefox with args ["-marionette"]

(firefox:5418): GLib-GObject-CRITICAL **: g_object_ref: assertion 'object->ref_count > 0' failed

(firefox:5418): GLib-GObject-CRITICAL **: g_object_unref: assertion 'object->ref_count > 0' failed

(firefox:5418): GLib-GObject-CRITICAL **: g_object_ref: assertion 'object->ref_count > 0' failed

(firefox:5418): GLib-GObject-CRITICAL **: g_object_unref: assertion 'object->ref_count > 0' failed
1499543958523	Marionette	INFO	Listening on port 56215
1499543958627	Marionette	WARN	TLS certificate errors will be ignored for this session

(/usr/lib/firefox/firefox:5465): GLib-GObject-CRITICAL **: g_object_ref: assertion 'object->ref_count > 0' failed

(/usr/lib/firefox/firefox:5465): GLib-GObject-CRITICAL **: g_object_unref: assertion 'object->ref_count > 0' failed

(/usr/lib/firefox/firefox:5465): GLib-GObject-CRITICAL **: g_object_ref: assertion 'object->ref_count > 0' failed

(/usr/lib/firefox/firefox:5465): GLib-GObject-CRITICAL **: g_object_unref: assertion 'object->ref_count > 0' failed
[GFX1-]: Receive IPC close with reason=AbnormalShutdown
[Child 5465] WARNING: pipe error (3): Connection reset by peer: file /build/firefox-3dApU_/firefox-53.0.2+build1/ipc/chromium/src/chrome/common/ipc_channel_posix.cc, line 346
1499544024372	geckodriver	INFO	Listening on 127.0.0.1:60033
1499544025420	geckodriver::marionette	INFO	Starting browser /usr/bin/firefox with args ["-marionette"]

(firefox:5517): GLib-GObject-CRITICAL **: g_object_ref: assertion 'object->ref_count > 0' failed

(firefox:5517): GLib-GObject-CRITICAL **: g_object_unref: assertion 'object->ref_count > 0' failed

(firefox:5517): GLib-GObject-CRITICAL **: g_object_ref: assertion 'object->ref_count > 0' failed

(firefox:5517): GLib-GObject-CRITICAL **: g_object_unref: assertion 'object->ref_count > 0' failed
1499544026799	Marionette	INFO	Listening on port 44520
1499544026866	Marionette	WARN	TLS certificate errors will be ignored for this session

(/usr/lib/firefox/firefox:5563): GLib-GObject-CRITICAL **: g_object_ref: assertion 'object->ref_count > 0' failed

(/usr/lib/firefox/firefox:5563): GLib-GObject-CRITICAL **: g_object_unref: assertion 'object->ref_count > 0' failed

(/usr/lib/firefox/firefox:5563): GLib-GObject-CRITICAL **: g_object_ref: assertion 'object->ref_count > 0' failed

(/usr/lib/firefox/firefox:5563): GLib-GObject-CRITICAL **: g_object_unref: assertion 'object->ref_count > 0' failed
1499544119100	Marionette	INFO	New connections will no longer be accepted
[GFX1-]: Receive IPC close with reason=AbnormalShutdown
[Child 5563] WARNING: pipe error (3): Connection reset by peer: file /build/firefox-3dApU_/firefox-53.0.2+build1/ipc/chromium/src/chrome/common/ipc_channel_posix.cc, line 346
