1499584106574	geckodriver	INFO	Listening on 127.0.0.1:33355
1499584107636	geckodriver::marionette	INFO	Starting browser /usr/bin/firefox with args ["-marionette"]

(firefox:6171): GLib-GObject-CRITICAL **: g_object_ref: assertion 'object->ref_count > 0' failed

(firefox:6171): GLib-GObject-CRITICAL **: g_object_unref: assertion 'object->ref_count > 0' failed

(firefox:6171): GLib-GObject-CRITICAL **: g_object_ref: assertion 'object->ref_count > 0' failed

(firefox:6171): GLib-GObject-CRITICAL **: g_object_unref: assertion 'object->ref_count > 0' failed
1499584109422	Marionette	INFO	Listening on port 56575
1499584109490	Marionette	WARN	TLS certificate errors will be ignored for this session

(/usr/lib/firefox/firefox:6217): GLib-GObject-CRITICAL **: g_object_ref: assertion 'object->ref_count > 0' failed

(/usr/lib/firefox/firefox:6217): GLib-GObject-CRITICAL **: g_object_unref: assertion 'object->ref_count > 0' failed

(/usr/lib/firefox/firefox:6217): GLib-GObject-CRITICAL **: g_object_ref: assertion 'object->ref_count > 0' failed

(/usr/lib/firefox/firefox:6217): GLib-GObject-CRITICAL **: g_object_unref: assertion 'object->ref_count > 0' failed
1499584201970	Marionette	INFO	New connections will no longer be accepted
[GFX1-]: Receive IPC close with reason=AbnormalShutdown
[Child 6217] WARNING: pipe error (3): Connection reset by peer: file /build/firefox-3dApU_/firefox-53.0.2+build1/ipc/chromium/src/chrome/common/ipc_channel_posix.cc, line 346
1499584232387	geckodriver	INFO	Listening on 127.0.0.1:56247
1499584233439	geckodriver::marionette	INFO	Starting browser /usr/bin/firefox with args ["-marionette"]

(firefox:6280): GLib-GObject-CRITICAL **: g_object_ref: assertion 'object->ref_count > 0' failed

(firefox:6280): GLib-GObject-CRITICAL **: g_object_unref: assertion 'object->ref_count > 0' failed

(firefox:6280): GLib-GObject-CRITICAL **: g_object_ref: assertion 'object->ref_count > 0' failed

(firefox:6280): GLib-GObject-CRITICAL **: g_object_unref: assertion 'object->ref_count > 0' failed
1499584234842	Marionette	INFO	Listening on port 59607
1499584234927	Marionette	WARN	TLS certificate errors will be ignored for this session

(/usr/lib/firefox/firefox:6326): GLib-GObject-CRITICAL **: g_object_ref: assertion 'object->ref_count > 0' failed

(/usr/lib/firefox/firefox:6326): GLib-GObject-CRITICAL **: g_object_unref: assertion 'object->ref_count > 0' failed

(/usr/lib/firefox/firefox:6326): GLib-GObject-CRITICAL **: g_object_ref: assertion 'object->ref_count > 0' failed

(/usr/lib/firefox/firefox:6326): GLib-GObject-CRITICAL **: g_object_unref: assertion 'object->ref_count > 0' failed
1499584327198	Marionette	INFO	New connections will no longer be accepted
[GFX1-]: Receive IPC close with reason=AbnormalShutdown
[Child 6326] WARNING: pipe error (3): Connection reset by peer: file /build/firefox-3dApU_/firefox-53.0.2+build1/ipc/chromium/src/chrome/common/ipc_channel_posix.cc, line 346
1499584393400	geckodriver	INFO	Listening on 127.0.0.1:50271
1499584394452	geckodriver::marionette	INFO	Starting browser /usr/bin/firefox with args ["-marionette"]

(firefox:6380): GLib-GObject-CRITICAL **: g_object_ref: assertion 'object->ref_count > 0' failed

(firefox:6380): GLib-GObject-CRITICAL **: g_object_unref: assertion 'object->ref_count > 0' failed

(firefox:6380): GLib-GObject-CRITICAL **: g_object_ref: assertion 'object->ref_count > 0' failed

(firefox:6380): GLib-GObject-CRITICAL **: g_object_unref: assertion 'object->ref_count > 0' failed
1499584395858	Marionette	INFO	Listening on port 57296
1499584395909	Marionette	WARN	TLS certificate errors will be ignored for this session

(/usr/lib/firefox/firefox:6426): GLib-GObject-CRITICAL **: g_object_ref: assertion 'object->ref_count > 0' failed

(/usr/lib/firefox/firefox:6426): GLib-GObject-CRITICAL **: g_object_unref: assertion 'object->ref_count > 0' failed

(/usr/lib/firefox/firefox:6426): GLib-GObject-CRITICAL **: g_object_ref: assertion 'object->ref_count > 0' failed

(/usr/lib/firefox/firefox:6426): GLib-GObject-CRITICAL **: g_object_unref: assertion 'object->ref_count > 0' failed
1499584509563	Marionette	INFO	New connections will no longer be accepted
[GFX1-]: Receive IPC close with reason=AbnormalShutdown
[Child 6426] WARNING: pipe error (3): Connection reset by peer: file /build/firefox-3dApU_/firefox-53.0.2+build1/ipc/chromium/src/chrome/common/ipc_channel_posix.cc, line 346
1499584513744	geckodriver	INFO	Listening on 127.0.0.1:52223
1499584514801	geckodriver::marionette	INFO	Starting browser /usr/bin/firefox with args ["-marionette"]

(firefox:6480): GLib-GObject-CRITICAL **: g_object_ref: assertion 'object->ref_count > 0' failed

(firefox:6480): GLib-GObject-CRITICAL **: g_object_unref: assertion 'object->ref_count > 0' failed

(firefox:6480): GLib-GObject-CRITICAL **: g_object_ref: assertion 'object->ref_count > 0' failed

(firefox:6480): GLib-GObject-CRITICAL **: g_object_unref: assertion 'object->ref_count > 0' failed
1499584516187	Marionette	INFO	Listening on port 42062

(/usr/lib/firefox/firefox:6526): GLib-GObject-CRITICAL **: g_object_ref: assertion 'object->ref_count > 0' failed

(/usr/lib/firefox/firefox:6526): GLib-GObject-CRITICAL **: g_object_unref: assertion 'object->ref_count > 0' failed

(/usr/lib/firefox/firefox:6526): GLib-GObject-CRITICAL **: g_object_ref: assertion 'object->ref_count > 0' failed

(/usr/lib/firefox/firefox:6526): GLib-GObject-CRITICAL **: g_object_unref: assertion 'object->ref_count > 0' failed
1499584516333	Marionette	WARN	TLS certificate errors will be ignored for this session
1499584629878	Marionette	INFO	New connections will no longer be accepted
[GFX1-]: Receive IPC close with reason=AbnormalShutdown
[Child 6526] WARNING: pipe error (3): Connection reset by peer: file /build/firefox-3dApU_/firefox-53.0.2+build1/ipc/chromium/src/chrome/common/ipc_channel_posix.cc, line 346
1499584775309	geckodriver	INFO	Listening on 127.0.0.1:60093
1499584776358	geckodriver::marionette	INFO	Starting browser /usr/bin/firefox with args ["-marionette"]

(firefox:6597): GLib-GObject-CRITICAL **: g_object_ref: assertion 'object->ref_count > 0' failed

(firefox:6597): GLib-GObject-CRITICAL **: g_object_unref: assertion 'object->ref_count > 0' failed

(firefox:6597): GLib-GObject-CRITICAL **: g_object_ref: assertion 'object->ref_count > 0' failed

(firefox:6597): GLib-GObject-CRITICAL **: g_object_unref: assertion 'object->ref_count > 0' failed
1499584777588	Marionette	INFO	Listening on port 52419
1499584777722	Marionette	WARN	TLS certificate errors will be ignored for this session

(/usr/lib/firefox/firefox:6641): GLib-GObject-CRITICAL **: g_object_ref: assertion 'object->ref_count > 0' failed

(/usr/lib/firefox/firefox:6641): GLib-GObject-CRITICAL **: g_object_unref: assertion 'object->ref_count > 0' failed

(/usr/lib/firefox/firefox:6641): GLib-GObject-CRITICAL **: g_object_ref: assertion 'object->ref_count > 0' failed

(/usr/lib/firefox/firefox:6641): GLib-GObject-CRITICAL **: g_object_unref: assertion 'object->ref_count > 0' failed
1499584891492	Marionette	INFO	New connections will no longer be accepted
[GFX1-]: Receive IPC close with reason=AbnormalShutdown
[Child 6641] WARNING: pipe error (3): Connection reset by peer: file /build/firefox-3dApU_/firefox-53.0.2+build1/ipc/chromium/src/chrome/common/ipc_channel_posix.cc, line 346
1499631800868	geckodriver	INFO	Listening on 127.0.0.1:56193
1499631801924	geckodriver::marionette	INFO	Starting browser /usr/bin/firefox with args ["-marionette"]

(firefox:6722): GLib-GObject-CRITICAL **: g_object_ref: assertion 'object->ref_count > 0' failed

(firefox:6722): GLib-GObject-CRITICAL **: g_object_unref: assertion 'object->ref_count > 0' failed

(firefox:6722): GLib-GObject-CRITICAL **: g_object_ref: assertion 'object->ref_count > 0' failed

(firefox:6722): GLib-GObject-CRITICAL **: g_object_unref: assertion 'object->ref_count > 0' failed
1499631803461	Marionette	INFO	Listening on port 53064
1499631803563	Marionette	WARN	TLS certificate errors will be ignored for this session

(/usr/lib/firefox/firefox:6768): GLib-GObject-CRITICAL **: g_object_ref: assertion 'object->ref_count > 0' failed

(/usr/lib/firefox/firefox:6768): GLib-GObject-CRITICAL **: g_object_unref: assertion 'object->ref_count > 0' failed

(/usr/lib/firefox/firefox:6768): GLib-GObject-CRITICAL **: g_object_ref: assertion 'object->ref_count > 0' failed

(/usr/lib/firefox/firefox:6768): GLib-GObject-CRITICAL **: g_object_unref: assertion 'object->ref_count > 0' failed
1499631907680	Marionette	INFO	New connections will no longer be accepted
[GFX1-]: Receive IPC close with reason=AbnormalShutdown
[Child 6768] WARNING: pipe error (3): Connection reset by peer: file /build/firefox-3dApU_/firefox-53.0.2+build1/ipc/chromium/src/chrome/common/ipc_channel_posix.cc, line 346
1499632411201	geckodriver	INFO	Listening on 127.0.0.1:58894
1499632412248	geckodriver::marionette	INFO	Starting browser /usr/bin/firefox with args ["-marionette"]

(firefox:7018): GLib-GObject-CRITICAL **: g_object_ref: assertion 'object->ref_count > 0' failed

(firefox:7018): GLib-GObject-CRITICAL **: g_object_unref: assertion 'object->ref_count > 0' failed

(firefox:7018): GLib-GObject-CRITICAL **: g_object_ref: assertion 'object->ref_count > 0' failed

(firefox:7018): GLib-GObject-CRITICAL **: g_object_unref: assertion 'object->ref_count > 0' failed
1499632413555	Marionette	INFO	Listening on port 37857
1499632413607	Marionette	WARN	TLS certificate errors will be ignored for this session

(/usr/lib/firefox/firefox:7064): GLib-GObject-CRITICAL **: g_object_ref: assertion 'object->ref_count > 0' failed

(/usr/lib/firefox/firefox:7064): GLib-GObject-CRITICAL **: g_object_unref: assertion 'object->ref_count > 0' failed

(/usr/lib/firefox/firefox:7064): GLib-GObject-CRITICAL **: g_object_ref: assertion 'object->ref_count > 0' failed

(/usr/lib/firefox/firefox:7064): GLib-GObject-CRITICAL **: g_object_unref: assertion 'object->ref_count > 0' failed
1499632442653	Marionette	INFO	New connections will no longer be accepted
[GFX1-]: Receive IPC close with reason=AbnormalShutdown
[Child 7064] WARNING: pipe error (3): Connection reset by peer: file /build/firefox-3dApU_/firefox-53.0.2+build1/ipc/chromium/src/chrome/common/ipc_channel_posix.cc, line 346
1499632633269	geckodriver	INFO	Listening on 127.0.0.1:52374
1499632634318	geckodriver::marionette	INFO	Starting browser /usr/bin/firefox with args ["-marionette"]

(firefox:7128): GLib-GObject-CRITICAL **: g_object_ref: assertion 'object->ref_count > 0' failed

(firefox:7128): GLib-GObject-CRITICAL **: g_object_unref: assertion 'object->ref_count > 0' failed

(firefox:7128): GLib-GObject-CRITICAL **: g_object_ref: assertion 'object->ref_count > 0' failed

(firefox:7128): GLib-GObject-CRITICAL **: g_object_unref: assertion 'object->ref_count > 0' failed
1499632635685	Marionette	INFO	Listening on port 36693
1499632635774	Marionette	WARN	TLS certificate errors will be ignored for this session

(/usr/lib/firefox/firefox:7173): GLib-GObject-CRITICAL **: g_object_ref: assertion 'object->ref_count > 0' failed

(/usr/lib/firefox/firefox:7173): GLib-GObject-CRITICAL **: g_object_unref: assertion 'object->ref_count > 0' failed

(/usr/lib/firefox/firefox:7173): GLib-GObject-CRITICAL **: g_object_ref: assertion 'object->ref_count > 0' failed

(/usr/lib/firefox/firefox:7173): GLib-GObject-CRITICAL **: g_object_unref: assertion 'object->ref_count > 0' failed
1499632664763	Marionette	INFO	New connections will no longer be accepted
[GFX1-]: Receive IPC close with reason=AbnormalShutdown
[Child 7173] WARNING: pipe error (3): Connection reset by peer: file /build/firefox-3dApU_/firefox-53.0.2+build1/ipc/chromium/src/chrome/common/ipc_channel_posix.cc, line 346
1499632685897	geckodriver	INFO	Listening on 127.0.0.1:34980
1499632686950	geckodriver::marionette	INFO	Starting browser /usr/bin/firefox with args ["-marionette"]

(firefox:7223): GLib-GObject-CRITICAL **: g_object_ref: assertion 'object->ref_count > 0' failed

(firefox:7223): GLib-GObject-CRITICAL **: g_object_unref: assertion 'object->ref_count > 0' failed

(firefox:7223): GLib-GObject-CRITICAL **: g_object_ref: assertion 'object->ref_count > 0' failed

(firefox:7223): GLib-GObject-CRITICAL **: g_object_unref: assertion 'object->ref_count > 0' failed
1499632688320	Marionette	INFO	Listening on port 45595
1499632688425	Marionette	WARN	TLS certificate errors will be ignored for this session

(/usr/lib/firefox/firefox:7268): GLib-GObject-CRITICAL **: g_object_ref: assertion 'object->ref_count > 0' failed

(/usr/lib/firefox/firefox:7268): GLib-GObject-CRITICAL **: g_object_unref: assertion 'object->ref_count > 0' failed

(/usr/lib/firefox/firefox:7268): GLib-GObject-CRITICAL **: g_object_ref: assertion 'object->ref_count > 0' failed

(/usr/lib/firefox/firefox:7268): GLib-GObject-CRITICAL **: g_object_unref: assertion 'object->ref_count > 0' failed
1499632792469	Marionette	INFO	New connections will no longer be accepted
[GFX1-]: Receive IPC close with reason=AbnormalShutdown
[Child 7268] WARNING: pipe error (3): Connection reset by peer: file /build/firefox-3dApU_/firefox-53.0.2+build1/ipc/chromium/src/chrome/common/ipc_channel_posix.cc, line 346
1499632798593	geckodriver	INFO	Listening on 127.0.0.1:39485
1499632799648	geckodriver::marionette	INFO	Starting browser /usr/bin/firefox with args ["-marionette"]

(firefox:7332): GLib-GObject-CRITICAL **: g_object_ref: assertion 'object->ref_count > 0' failed

(firefox:7332): GLib-GObject-CRITICAL **: g_object_unref: assertion 'object->ref_count > 0' failed

(firefox:7332): GLib-GObject-CRITICAL **: g_object_ref: assertion 'object->ref_count > 0' failed

(firefox:7332): GLib-GObject-CRITICAL **: g_object_unref: assertion 'object->ref_count > 0' failed
1499632800994	Marionette	INFO	Listening on port 45294
1499632801111	Marionette	WARN	TLS certificate errors will be ignored for this session

(/usr/lib/firefox/firefox:7377): GLib-GObject-CRITICAL **: g_object_ref: assertion 'object->ref_count > 0' failed

(/usr/lib/firefox/firefox:7377): GLib-GObject-CRITICAL **: g_object_unref: assertion 'object->ref_count > 0' failed

(/usr/lib/firefox/firefox:7377): GLib-GObject-CRITICAL **: g_object_ref: assertion 'object->ref_count > 0' failed

(/usr/lib/firefox/firefox:7377): GLib-GObject-CRITICAL **: g_object_unref: assertion 'object->ref_count > 0' failed
1499632905126	Marionette	INFO	New connections will no longer be accepted
[GFX1-]: Receive IPC close with reason=AbnormalShutdown
[Child 7377] WARNING: pipe error (3): Connection reset by peer: file /build/firefox-3dApU_/firefox-53.0.2+build1/ipc/chromium/src/chrome/common/ipc_channel_posix.cc, line 346
1499633230684	geckodriver	INFO	Listening on 127.0.0.1:41195
1499633231736	geckodriver::marionette	INFO	Starting browser /usr/bin/firefox with args ["-marionette"]

(firefox:7455): GLib-GObject-CRITICAL **: g_object_ref: assertion 'object->ref_count > 0' failed

(firefox:7455): GLib-GObject-CRITICAL **: g_object_unref: assertion 'object->ref_count > 0' failed

(firefox:7455): GLib-GObject-CRITICAL **: g_object_ref: assertion 'object->ref_count > 0' failed

(firefox:7455): GLib-GObject-CRITICAL **: g_object_unref: assertion 'object->ref_count > 0' failed
1499633233383	Marionette	INFO	Listening on port 53060
1499633233471	Marionette	WARN	TLS certificate errors will be ignored for this session

(/usr/lib/firefox/firefox:7500): GLib-GObject-CRITICAL **: g_object_ref: assertion 'object->ref_count > 0' failed

(/usr/lib/firefox/firefox:7500): GLib-GObject-CRITICAL **: g_object_unref: assertion 'object->ref_count > 0' failed

(/usr/lib/firefox/firefox:7500): GLib-GObject-CRITICAL **: g_object_ref: assertion 'object->ref_count > 0' failed

(/usr/lib/firefox/firefox:7500): GLib-GObject-CRITICAL **: g_object_unref: assertion 'object->ref_count > 0' failed
1499633348090	Marionette	INFO	New connections will no longer be accepted
[GFX1-]: Receive IPC close with reason=AbnormalShutdown
[Child 7500] WARNING: pipe error (3): Connection reset by peer: file /build/firefox-3dApU_/firefox-53.0.2+build1/ipc/chromium/src/chrome/common/ipc_channel_posix.cc, line 346
